2024-10-16 00:00:23,327 [ERROR] LogOutputStream:75 - [STDERR_REDIRECT] Oct 16, 2024 12:00:23 AM java.util.prefs.FileSystemPreferences checkLockFile0ErrorCode
2024-10-16 00:00:23,329 [ERROR] LogOutputStream:75 - [STDERR_REDIRECT] WARNING: Could not lock System prefs. Unix error code 2.
2024-10-16 00:00:23,329 [ERROR] LogOutputStream:75 - [STDERR_REDIRECT] 
2024-10-16 00:00:23,329 [ERROR] LogOutputStream:75 - [STDERR_REDIRECT] Oct 16, 2024 12:00:23 AM java.util.prefs.FileSystemPreferences syncWorld
2024-10-16 00:00:23,329 [ERROR] LogOutputStream:75 - [STDERR_REDIRECT] WARNING: Couldn't flush system prefs: java.util.prefs.BackingStoreException: Couldn't get file lock.
2024-10-16 00:00:23,329 [ERROR] LogOutputStream:75 - [STDERR_REDIRECT] 
2024-10-16 00:00:53,327 [ERROR] LogOutputStream:75 - [STDERR_REDIRECT] Oct 16, 2024 12:00:53 AM java.util.prefs.FileSystemPreferences checkLockFile0ErrorCode
2024-10-16 00:00:53,327 [ERROR] LogOutputStream:75 - [STDERR_REDIRECT] WARNING: Could not lock System prefs. Unix error code 2.
2024-10-16 00:00:53,327 [ERROR] LogOutputStream:75 - [STDERR_REDIRECT] 
2024-10-16 00:00:53,327 [ERROR] LogOutputStream:75 - [STDERR_REDIRECT] Oct 16, 2024 12:00:53 AM java.util.prefs.FileSystemPreferences syncWorld
2024-10-16 00:00:53,327 [ERROR] LogOutputStream:75 - [STDERR_REDIRECT] WARNING: Couldn't flush system prefs: java.util.prefs.BackingStoreException: Couldn't get file lock.
2024-10-16 00:00:53,327 [ERROR] LogOutputStream:75 - [STDERR_REDIRECT] 
2024-10-16 00:01:23,327 [ERROR] LogOutputStream:75 - [STDERR_REDIRECT] Oct 16, 2024 12:01:23 AM java.util.prefs.FileSystemPreferences checkLockFile0ErrorCode
2024-10-16 00:01:23,327 [ERROR] LogOutputStream:75 - [STDERR_REDIRECT] WARNING: Could not lock System prefs. Unix error code 2.
2024-10-16 00:01:23,327 [ERROR] LogOutputStream:75 - [STDERR_REDIRECT] 
2024-10-16 00:01:23,327 [ERROR] LogOutputStream:75 - [STDERR_REDIRECT] Oct 16, 2024 12:01:23 AM java.util.prefs.FileSystemPreferences syncWorld
2024-10-16 00:01:23,328 [ERROR] LogOutputStream:75 - [STDERR_REDIRECT] WARNING: Couldn't flush system prefs: java.util.prefs.BackingStoreException: Couldn't get file lock.
2024-10-16 00:01:23,328 [ERROR] LogOutputStream:75 - [STDERR_REDIRECT] 
2024-10-16 00:01:53,326 [ERROR] LogOutputStream:75 - [STDERR_REDIRECT] Oct 16, 2024 12:01:53 AM java.util.prefs.FileSystemPreferences checkLockFile0ErrorCode
2024-10-16 00:01:53,327 [ERROR] LogOutputStream:75 - [STDERR_REDIRECT] WARNING: Could not lock System prefs. Unix error code 2.
2024-10-16 00:01:53,327 [ERROR] LogOutputStream:75 - [STDERR_REDIRECT] 
2024-10-16 00:01:53,327 [ERROR] LogOutputStream:75 - [STDERR_REDIRECT] Oct 16, 2024 12:01:53 AM java.util.prefs.FileSystemPreferences syncWorld
2024-10-16 00:01:53,327 [ERROR] LogOutputStream:75 - [STDERR_REDIRECT] WARNING: Couldn't flush system prefs: java.util.prefs.BackingStoreException: Couldn't get file lock.
2024-10-16 00:01:53,327 [ERROR] LogOutputStream:75 - [STDERR_REDIRECT] 
2024-10-16 00:02:23,327 [ERROR] LogOutputStream:75 - [STDERR_REDIRECT] Oct 16, 2024 12:02:23 AM java.util.prefs.FileSystemPreferences checkLockFile0ErrorCode
2024-10-16 00:02:23,327 [ERROR] LogOutputStream:75 - [STDERR_REDIRECT] WARNING: Could not lock System prefs. Unix error code 2.
2024-10-16 00:02:23,327 [ERROR] LogOutputStream:75 - [STDERR_REDIRECT] 
2024-10-16 00:02:23,327 [ERROR] LogOutputStream:75 - [STDERR_REDIRECT] Oct 16, 2024 12:02:23 AM java.util.prefs.FileSystemPreferences syncWorld
2024-10-16 00:02:23,327 [ERROR] LogOutputStream:75 - [STDERR_REDIRECT] WARNING: Couldn't flush system prefs: java.util.prefs.BackingStoreException: Couldn't get file lock.
2024-10-16 00:02:23,328 [ERROR] LogOutputStream:75 - [STDERR_REDIRECT] 
2024-10-16 00:02:53,326 [ERROR] LogOutputStream:75 - [STDERR_REDIRECT] Oct 16, 2024 12:02:53 AM java.util.prefs.FileSystemPreferences checkLockFile0ErrorCode
2024-10-16 00:02:53,326 [ERROR] LogOutputStream:75 - [STDERR_REDIRECT] WARNING: Could not lock System prefs. Unix error code 2.
2024-10-16 00:02:53,326 [ERROR] LogOutputStream:75 - [STDERR_REDIRECT] 
2024-10-16 00:02:53,327 [ERROR] LogOutputStream:75 - [STDERR_REDIRECT] Oct 16, 2024 12:02:53 AM java.util.prefs.FileSystemPreferences syncWorld
2024-10-16 00:02:53,327 [ERROR] LogOutputStream:75 - [STDERR_REDIRECT] WARNING: Couldn't flush system prefs: java.util.prefs.BackingStoreException: Couldn't get file lock.
2024-10-16 00:02:53,327 [ERROR] LogOutputStream:75 - [STDERR_REDIRECT] 
2024-10-16 00:03:23,327 [ERROR] LogOutputStream:75 - [STDERR_REDIRECT] Oct 16, 2024 12:03:23 AM java.util.prefs.FileSystemPreferences checkLockFile0ErrorCode
2024-10-16 00:03:23,327 [ERROR] LogOutputStream:75 - [STDERR_REDIRECT] WARNING: Could not lock System prefs. Unix error code 2.
2024-10-16 00:03:23,328 [ERROR] LogOutputStream:75 - [STDERR_REDIRECT] 
2024-10-16 00:03:23,328 [ERROR] LogOutputStream:75 - [STDERR_REDIRECT] Oct 16, 2024 12:03:23 AM java.util.prefs.FileSystemPreferences syncWorld
2024-10-16 00:03:23,328 [ERROR] LogOutputStream:75 - [STDERR_REDIRECT] WARNING: Couldn't flush system prefs: java.util.prefs.BackingStoreException: Couldn't get file lock.
2024-10-16 00:03:23,328 [ERROR] LogOutputStream:75 - [STDERR_REDIRECT] 
2024-10-16 00:03:53,327 [ERROR] LogOutputStream:75 - [STDERR_REDIRECT] Oct 16, 2024 12:03:53 AM java.util.prefs.FileSystemPreferences checkLockFile0ErrorCode
2024-10-16 00:03:53,327 [ERROR] LogOutputStream:75 - [STDERR_REDIRECT] WARNING: Could not lock System prefs. Unix error code 2.
2024-10-16 00:03:53,327 [ERROR] LogOutputStream:75 - [STDERR_REDIRECT] 
2024-10-16 00:03:53,327 [ERROR] LogOutputStream:75 - [STDERR_REDIRECT] Oct 16, 2024 12:03:53 AM java.util.prefs.FileSystemPreferences syncWorld
2024-10-16 00:03:53,327 [ERROR] LogOutputStream:75 - [STDERR_REDIRECT] WARNING: Couldn't flush system prefs: java.util.prefs.BackingStoreException: Couldn't get file lock.
2024-10-16 00:03:53,328 [ERROR] LogOutputStream:75 - [STDERR_REDIRECT] 
2024-10-16 00:04:23,326 [ERROR] LogOutputStream:75 - [STDERR_REDIRECT] Oct 16, 2024 12:04:23 AM java.util.prefs.FileSystemPreferences checkLockFile0ErrorCode
2024-10-16 00:04:23,326 [ERROR] LogOutputStream:75 - [STDERR_REDIRECT] WARNING: Could not lock System prefs. Unix error code 2.
2024-10-16 00:04:23,326 [ERROR] LogOutputStream:75 - [STDERR_REDIRECT] 
2024-10-16 00:04:23,327 [ERROR] LogOutputStream:75 - [STDERR_REDIRECT] Oct 16, 2024 12:04:23 AM java.util.prefs.FileSystemPreferences syncWorld
2024-10-16 00:04:23,327 [ERROR] LogOutputStream:75 - [STDERR_REDIRECT] WARNING: Couldn't flush system prefs: java.util.prefs.BackingStoreException: Couldn't get file lock.
2024-10-16 00:04:23,327 [ERROR] LogOutputStream:75 - [STDERR_REDIRECT] 
2024-10-16 00:04:53,327 [ERROR] LogOutputStream:75 - [STDERR_REDIRECT] Oct 16, 2024 12:04:53 AM java.util.prefs.FileSystemPreferences checkLockFile0ErrorCode
2024-10-16 00:04:53,327 [ERROR] LogOutputStream:75 - [STDERR_REDIRECT] WARNING: Could not lock System prefs. Unix error code 2.
2024-10-16 00:04:53,328 [ERROR] LogOutputStream:75 - [STDERR_REDIRECT] 
2024-10-16 00:04:53,328 [ERROR] LogOutputStream:75 - [STDERR_REDIRECT] Oct 16, 2024 12:04:53 AM java.util.prefs.FileSystemPreferences syncWorld
2024-10-16 00:04:53,328 [ERROR] LogOutputStream:75 - [STDERR_REDIRECT] WARNING: Couldn't flush system prefs: java.util.prefs.BackingStoreException: Couldn't get file lock.
2024-10-16 00:04:53,328 [ERROR] LogOutputStream:75 - [STDERR_REDIRECT] 
2024-10-16 00:05:23,327 [ERROR] LogOutputStream:75 - [STDERR_REDIRECT] Oct 16, 2024 12:05:23 AM java.util.prefs.FileSystemPreferences checkLockFile0ErrorCode
2024-10-16 00:05:23,327 [ERROR] LogOutputStream:75 - [STDERR_REDIRECT] WARNING: Could not lock System prefs. Unix error code 2.
2024-10-16 00:05:23,327 [ERROR] LogOutputStream:75 - [STDERR_REDIRECT] 
2024-10-16 00:05:23,327 [ERROR] LogOutputStream:75 - [STDERR_REDIRECT] Oct 16, 2024 12:05:23 AM java.util.prefs.FileSystemPreferences syncWorld
2024-10-16 00:05:23,327 [ERROR] LogOutputStream:75 - [STDERR_REDIRECT] WARNING: Couldn't flush system prefs: java.util.prefs.BackingStoreException: Couldn't get file lock.
2024-10-16 00:05:23,327 [ERROR] LogOutputStream:75 - [STDERR_REDIRECT] 
2024-10-16 00:05:53,327 [ERROR] LogOutputStream:75 - [STDERR_REDIRECT] Oct 16, 2024 12:05:53 AM java.util.prefs.FileSystemPreferences checkLockFile0ErrorCode
2024-10-16 00:05:53,327 [ERROR] LogOutputStream:75 - [STDERR_REDIRECT] WARNING: Could not lock System prefs. Unix error code 2.
2024-10-16 00:05:53,327 [ERROR] LogOutputStream:75 - [STDERR_REDIRECT] 
2024-10-16 00:05:53,327 [ERROR] LogOutputStream:75 - [STDERR_REDIRECT] Oct 16, 2024 12:05:53 AM java.util.prefs.FileSystemPreferences syncWorld
2024-10-16 00:05:53,327 [ERROR] LogOutputStream:75 - [STDERR_REDIRECT] WARNING: Couldn't flush system prefs: java.util.prefs.BackingStoreException: Couldn't get file lock.
2024-10-16 00:05:53,327 [ERROR] LogOutputStream:75 - [STDERR_REDIRECT] 
2024-10-16 00:06:23,327 [ERROR] LogOutputStream:75 - [STDERR_REDIRECT] Oct 16, 2024 12:06:23 AM java.util.prefs.FileSystemPreferences checkLockFile0ErrorCode
2024-10-16 00:06:23,327 [ERROR] LogOutputStream:75 - [STDERR_REDIRECT] WARNING: Could not lock System prefs. Unix error code 2.
2024-10-16 00:06:23,327 [ERROR] LogOutputStream:75 - [STDERR_REDIRECT] 
2024-10-16 00:06:23,328 [ERROR] LogOutputStream:75 - [STDERR_REDIRECT] Oct 16, 2024 12:06:23 AM java.util.prefs.FileSystemPreferences syncWorld
2024-10-16 00:06:23,328 [ERROR] LogOutputStream:75 - [STDERR_REDIRECT] WARNING: Couldn't flush system prefs: java.util.prefs.BackingStoreException: Couldn't get file lock.
2024-10-16 00:06:23,328 [ERROR] LogOutputStream:75 - [STDERR_REDIRECT] 
2024-10-16 00:06:53,327 [ERROR] LogOutputStream:75 - [STDERR_REDIRECT] Oct 16, 2024 12:06:53 AM java.util.prefs.FileSystemPreferences checkLockFile0ErrorCode
2024-10-16 00:06:53,327 [ERROR] LogOutputStream:75 - [STDERR_REDIRECT] WARNING: Could not lock System prefs. Unix error code 2.
2024-10-16 00:06:53,327 [ERROR] LogOutputStream:75 - [STDERR_REDIRECT] 
2024-10-16 00:06:53,328 [ERROR] LogOutputStream:75 - [STDERR_REDIRECT] Oct 16, 2024 12:06:53 AM java.util.prefs.FileSystemPreferences syncWorld
2024-10-16 00:06:53,328 [ERROR] LogOutputStream:75 - [STDERR_REDIRECT] WARNING: Couldn't flush system prefs: java.util.prefs.BackingStoreException: Couldn't get file lock.
2024-10-16 00:06:53,328 [ERROR] LogOutputStream:75 - [STDERR_REDIRECT] 
2024-10-16 00:07:23,327 [ERROR] LogOutputStream:75 - [STDERR_REDIRECT] Oct 16, 2024 12:07:23 AM java.util.prefs.FileSystemPreferences checkLockFile0ErrorCode
2024-10-16 00:07:23,327 [ERROR] LogOutputStream:75 - [STDERR_REDIRECT] WARNING: Could not lock System prefs. Unix error code 2.
2024-10-16 00:07:23,327 [ERROR] LogOutputStream:75 - [STDERR_REDIRECT] 
2024-10-16 00:07:23,327 [ERROR] LogOutputStream:75 - [STDERR_REDIRECT] Oct 16, 2024 12:07:23 AM java.util.prefs.FileSystemPreferences syncWorld
2024-10-16 00:07:23,327 [ERROR] LogOutputStream:75 - [STDERR_REDIRECT] WARNING: Couldn't flush system prefs: java.util.prefs.BackingStoreException: Couldn't get file lock.
2024-10-16 00:07:23,327 [ERROR] LogOutputStream:75 - [STDERR_REDIRECT] 
2024-10-16 00:07:53,328 [ERROR] LogOutputStream:75 - [STDERR_REDIRECT] Oct 16, 2024 12:07:53 AM java.util.prefs.FileSystemPreferences checkLockFile0ErrorCode
2024-10-16 00:07:53,328 [ERROR] LogOutputStream:75 - [STDERR_REDIRECT] WARNING: Could not lock System prefs. Unix error code 2.
2024-10-16 00:07:53,328 [ERROR] LogOutputStream:75 - [STDERR_REDIRECT] 
2024-10-16 00:07:53,328 [ERROR] LogOutputStream:75 - [STDERR_REDIRECT] Oct 16, 2024 12:07:53 AM java.util.prefs.FileSystemPreferences syncWorld
2024-10-16 00:07:53,328 [ERROR] LogOutputStream:75 - [STDERR_REDIRECT] WARNING: Couldn't flush system prefs: java.util.prefs.BackingStoreException: Couldn't get file lock.
2024-10-16 00:07:53,328 [ERROR] LogOutputStream:75 - [STDERR_REDIRECT] 
2024-10-16 00:08:23,328 [ERROR] LogOutputStream:75 - [STDERR_REDIRECT] Oct 16, 2024 12:08:23 AM java.util.prefs.FileSystemPreferences checkLockFile0ErrorCode
2024-10-16 00:08:23,328 [ERROR] LogOutputStream:75 - [STDERR_REDIRECT] WARNING: Could not lock System prefs. Unix error code 2.
2024-10-16 00:08:23,328 [ERROR] LogOutputStream:75 - [STDERR_REDIRECT] 
2024-10-16 00:08:23,328 [ERROR] LogOutputStream:75 - [STDERR_REDIRECT] Oct 16, 2024 12:08:23 AM java.util.prefs.FileSystemPreferences syncWorld
2024-10-16 00:08:23,328 [ERROR] LogOutputStream:75 - [STDERR_REDIRECT] WARNING: Couldn't flush system prefs: java.util.prefs.BackingStoreException: Couldn't get file lock.
2024-10-16 00:08:23,328 [ERROR] LogOutputStream:75 - [STDERR_REDIRECT] 
2024-10-16 00:08:53,328 [ERROR] LogOutputStream:75 - [STDERR_REDIRECT] Oct 16, 2024 12:08:53 AM java.util.prefs.FileSystemPreferences checkLockFile0ErrorCode
2024-10-16 00:08:53,328 [ERROR] LogOutputStream:75 - [STDERR_REDIRECT] WARNING: Could not lock System prefs. Unix error code 2.
2024-10-16 00:08:53,329 [ERROR] LogOutputStream:75 - [STDERR_REDIRECT] 
2024-10-16 00:08:53,329 [ERROR] LogOutputStream:75 - [STDERR_REDIRECT] Oct 16, 2024 12:08:53 AM java.util.prefs.FileSystemPreferences syncWorld
2024-10-16 00:08:53,329 [ERROR] LogOutputStream:75 - [STDERR_REDIRECT] WARNING: Couldn't flush system prefs: java.util.prefs.BackingStoreException: Couldn't get file lock.
2024-10-16 00:08:53,329 [ERROR] LogOutputStream:75 - [STDERR_REDIRECT] 
2024-10-16 00:09:23,329 [ERROR] LogOutputStream:75 - [STDERR_REDIRECT] Oct 16, 2024 12:09:23 AM java.util.prefs.FileSystemPreferences checkLockFile0ErrorCode
2024-10-16 00:09:23,329 [ERROR] LogOutputStream:75 - [STDERR_REDIRECT] WARNING: Could not lock System prefs. Unix error code 2.
2024-10-16 00:09:23,329 [ERROR] LogOutputStream:75 - [STDERR_REDIRECT] 
2024-10-16 00:09:23,329 [ERROR] LogOutputStream:75 - [STDERR_REDIRECT] Oct 16, 2024 12:09:23 AM java.util.prefs.FileSystemPreferences syncWorld
2024-10-16 00:09:23,329 [ERROR] LogOutputStream:75 - [STDERR_REDIRECT] WARNING: Couldn't flush system prefs: java.util.prefs.BackingStoreException: Couldn't get file lock.
2024-10-16 00:09:23,330 [ERROR] LogOutputStream:75 - [STDERR_REDIRECT] 
2024-10-16 00:09:53,328 [ERROR] LogOutputStream:75 - [STDERR_REDIRECT] Oct 16, 2024 12:09:53 AM java.util.prefs.FileSystemPreferences checkLockFile0ErrorCode
2024-10-16 00:09:53,329 [ERROR] LogOutputStream:75 - [STDERR_REDIRECT] WARNING: Could not lock System prefs. Unix error code 2.
2024-10-16 00:09:53,329 [ERROR] LogOutputStream:75 - [STDERR_REDIRECT] 
2024-10-16 00:09:53,329 [ERROR] LogOutputStream:75 - [STDERR_REDIRECT] Oct 16, 2024 12:09:53 AM java.util.prefs.FileSystemPreferences syncWorld
2024-10-16 00:09:53,329 [ERROR] LogOutputStream:75 - [STDERR_REDIRECT] WARNING: Couldn't flush system prefs: java.util.prefs.BackingStoreException: Couldn't get file lock.
2024-10-16 00:09:53,329 [ERROR] LogOutputStream:75 - [STDERR_REDIRECT] 
2024-10-16 00:10:23,329 [ERROR] LogOutputStream:75 - [STDERR_REDIRECT] Oct 16, 2024 12:10:23 AM java.util.prefs.FileSystemPreferences checkLockFile0ErrorCode
2024-10-16 00:10:23,329 [ERROR] LogOutputStream:75 - [STDERR_REDIRECT] WARNING: Could not lock System prefs. Unix error code 2.
2024-10-16 00:10:23,329 [ERROR] LogOutputStream:75 - [STDERR_REDIRECT] 
2024-10-16 00:10:23,329 [ERROR] LogOutputStream:75 - [STDERR_REDIRECT] Oct 16, 2024 12:10:23 AM java.util.prefs.FileSystemPreferences syncWorld
2024-10-16 00:10:23,329 [ERROR] LogOutputStream:75 - [STDERR_REDIRECT] WARNING: Couldn't flush system prefs: java.util.prefs.BackingStoreException: Couldn't get file lock.
2024-10-16 00:10:23,330 [ERROR] LogOutputStream:75 - [STDERR_REDIRECT] 
2024-10-16 00:10:53,328 [ERROR] LogOutputStream:75 - [STDERR_REDIRECT] Oct 16, 2024 12:10:53 AM java.util.prefs.FileSystemPreferences checkLockFile0ErrorCode
2024-10-16 00:10:53,329 [ERROR] LogOutputStream:75 - [STDERR_REDIRECT] WARNING: Could not lock System prefs. Unix error code 2.
2024-10-16 00:10:53,329 [ERROR] LogOutputStream:75 - [STDERR_REDIRECT] 
2024-10-16 00:10:53,329 [ERROR] LogOutputStream:75 - [STDERR_REDIRECT] Oct 16, 2024 12:10:53 AM java.util.prefs.FileSystemPreferences syncWorld
2024-10-16 00:10:53,329 [ERROR] LogOutputStream:75 - [STDERR_REDIRECT] WARNING: Couldn't flush system prefs: java.util.prefs.BackingStoreException: Couldn't get file lock.
2024-10-16 00:10:53,329 [ERROR] LogOutputStream:75 - [STDERR_REDIRECT] 
2024-10-16 00:11:23,329 [ERROR] LogOutputStream:75 - [STDERR_REDIRECT] Oct 16, 2024 12:11:23 AM java.util.prefs.FileSystemPreferences checkLockFile0ErrorCode
2024-10-16 00:11:23,329 [ERROR] LogOutputStream:75 - [STDERR_REDIRECT] WARNING: Could not lock System prefs. Unix error code 2.
2024-10-16 00:11:23,329 [ERROR] LogOutputStream:75 - [STDERR_REDIRECT] 
2024-10-16 00:11:23,329 [ERROR] LogOutputStream:75 - [STDERR_REDIRECT] Oct 16, 2024 12:11:23 AM java.util.prefs.FileSystemPreferences syncWorld
2024-10-16 00:11:23,329 [ERROR] LogOutputStream:75 - [STDERR_REDIRECT] WARNING: Couldn't flush system prefs: java.util.prefs.BackingStoreException: Couldn't get file lock.
2024-10-16 00:11:23,329 [ERROR] LogOutputStream:75 - [STDERR_REDIRECT] 
2024-10-16 00:11:53,329 [ERROR] LogOutputStream:75 - [STDERR_REDIRECT] Oct 16, 2024 12:11:53 AM java.util.prefs.FileSystemPreferences checkLockFile0ErrorCode
2024-10-16 00:11:53,329 [ERROR] LogOutputStream:75 - [STDERR_REDIRECT] WARNING: Could not lock System prefs. Unix error code 2.
2024-10-16 00:11:53,329 [ERROR] LogOutputStream:75 - [STDERR_REDIRECT] 
2024-10-16 00:11:53,329 [ERROR] LogOutputStream:75 - [STDERR_REDIRECT] Oct 16, 2024 12:11:53 AM java.util.prefs.FileSystemPreferences syncWorld
2024-10-16 00:11:53,329 [ERROR] LogOutputStream:75 - [STDERR_REDIRECT] WARNING: Couldn't flush system prefs: java.util.prefs.BackingStoreException: Couldn't get file lock.
2024-10-16 00:11:53,329 [ERROR] LogOutputStream:75 - [STDERR_REDIRECT] 
2024-10-16 00:12:23,329 [ERROR] LogOutputStream:75 - [STDERR_REDIRECT] Oct 16, 2024 12:12:23 AM java.util.prefs.FileSystemPreferences checkLockFile0ErrorCode
2024-10-16 00:12:23,329 [ERROR] LogOutputStream:75 - [STDERR_REDIRECT] WARNING: Could not lock System prefs. Unix error code 2.
2024-10-16 00:12:23,329 [ERROR] LogOutputStream:75 - [STDERR_REDIRECT] 
2024-10-16 00:12:23,330 [ERROR] LogOutputStream:75 - [STDERR_REDIRECT] Oct 16, 2024 12:12:23 AM java.util.prefs.FileSystemPreferences syncWorld
2024-10-16 00:12:23,330 [ERROR] LogOutputStream:75 - [STDERR_REDIRECT] WARNING: Couldn't flush system prefs: java.util.prefs.BackingStoreException: Couldn't get file lock.
2024-10-16 00:12:23,330 [ERROR] LogOutputStream:75 - [STDERR_REDIRECT] 
2024-10-16 00:12:53,330 [ERROR] LogOutputStream:75 - [STDERR_REDIRECT] Oct 16, 2024 12:12:53 AM java.util.prefs.FileSystemPreferences checkLockFile0ErrorCode
2024-10-16 00:12:53,330 [ERROR] LogOutputStream:75 - [STDERR_REDIRECT] WARNING: Could not lock System prefs. Unix error code 2.
2024-10-16 00:12:53,330 [ERROR] LogOutputStream:75 - [STDERR_REDIRECT] 
2024-10-16 00:12:53,330 [ERROR] LogOutputStream:75 - [STDERR_REDIRECT] Oct 16, 2024 12:12:53 AM java.util.prefs.FileSystemPreferences syncWorld
2024-10-16 00:12:53,330 [ERROR] LogOutputStream:75 - [STDERR_REDIRECT] WARNING: Couldn't flush system prefs: java.util.prefs.BackingStoreException: Couldn't get file lock.
2024-10-16 00:12:53,330 [ERROR] LogOutputStream:75 - [STDERR_REDIRECT] 
2024-10-16 00:13:23,330 [ERROR] LogOutputStream:75 - [STDERR_REDIRECT] Oct 16, 2024 12:13:23 AM java.util.prefs.FileSystemPreferences checkLockFile0ErrorCode
2024-10-16 00:13:23,330 [ERROR] LogOutputStream:75 - [STDERR_REDIRECT] WARNING: Could not lock System prefs. Unix error code 2.
2024-10-16 00:13:23,330 [ERROR] LogOutputStream:75 - [STDERR_REDIRECT] 
2024-10-16 00:13:23,330 [ERROR] LogOutputStream:75 - [STDERR_REDIRECT] Oct 16, 2024 12:13:23 AM java.util.prefs.FileSystemPreferences syncWorld
2024-10-16 00:13:23,330 [ERROR] LogOutputStream:75 - [STDERR_REDIRECT] WARNING: Couldn't flush system prefs: java.util.prefs.BackingStoreException: Couldn't get file lock.
2024-10-16 00:13:23,330 [ERROR] LogOutputStream:75 - [STDERR_REDIRECT] 
2024-10-16 00:13:53,330 [ERROR] LogOutputStream:75 - [STDERR_REDIRECT] Oct 16, 2024 12:13:53 AM java.util.prefs.FileSystemPreferences checkLockFile0ErrorCode
2024-10-16 00:13:53,330 [ERROR] LogOutputStream:75 - [STDERR_REDIRECT] WARNING: Could not lock System prefs. Unix error code 2.
2024-10-16 00:13:53,330 [ERROR] LogOutputStream:75 - [STDERR_REDIRECT] 
2024-10-16 00:13:53,330 [ERROR] LogOutputStream:75 - [STDERR_REDIRECT] Oct 16, 2024 12:13:53 AM java.util.prefs.FileSystemPreferences syncWorld
2024-10-16 00:13:53,330 [ERROR] LogOutputStream:75 - [STDERR_REDIRECT] WARNING: Couldn't flush system prefs: java.util.prefs.BackingStoreException: Couldn't get file lock.
2024-10-16 00:13:53,331 [ERROR] LogOutputStream:75 - [STDERR_REDIRECT] 
2024-10-16 00:14:23,329 [ERROR] LogOutputStream:75 - [STDERR_REDIRECT] Oct 16, 2024 12:14:23 AM java.util.prefs.FileSystemPreferences checkLockFile0ErrorCode
2024-10-16 00:14:23,330 [ERROR] LogOutputStream:75 - [STDERR_REDIRECT] WARNING: Could not lock System prefs. Unix error code 2.
2024-10-16 00:14:23,330 [ERROR] LogOutputStream:75 - [STDERR_REDIRECT] 
2024-10-16 00:14:23,330 [ERROR] LogOutputStream:75 - [STDERR_REDIRECT] Oct 16, 2024 12:14:23 AM java.util.prefs.FileSystemPreferences syncWorld
2024-10-16 00:14:23,330 [ERROR] LogOutputStream:75 - [STDERR_REDIRECT] WARNING: Couldn't flush system prefs: java.util.prefs.BackingStoreException: Couldn't get file lock.
2024-10-16 00:14:23,330 [ERROR] LogOutputStream:75 - [STDERR_REDIRECT] 
2024-10-16 00:14:53,330 [ERROR] LogOutputStream:75 - [STDERR_REDIRECT] Oct 16, 2024 12:14:53 AM java.util.prefs.FileSystemPreferences checkLockFile0ErrorCode
2024-10-16 00:14:53,330 [ERROR] LogOutputStream:75 - [STDERR_REDIRECT] WARNING: Could not lock System prefs. Unix error code 2.
2024-10-16 00:14:53,330 [ERROR] LogOutputStream:75 - [STDERR_REDIRECT] 
2024-10-16 00:14:53,330 [ERROR] LogOutputStream:75 - [STDERR_REDIRECT] Oct 16, 2024 12:14:53 AM java.util.prefs.FileSystemPreferences syncWorld
2024-10-16 00:14:53,330 [ERROR] LogOutputStream:75 - [STDERR_REDIRECT] WARNING: Couldn't flush system prefs: java.util.prefs.BackingStoreException: Couldn't get file lock.
2024-10-16 00:14:53,330 [ERROR] LogOutputStream:75 - [STDERR_REDIRECT] 
2024-10-16 00:15:23,330 [ERROR] LogOutputStream:75 - [STDERR_REDIRECT] Oct 16, 2024 12:15:23 AM java.util.prefs.FileSystemPreferences checkLockFile0ErrorCode
2024-10-16 00:15:23,330 [ERROR] LogOutputStream:75 - [STDERR_REDIRECT] WARNING: Could not lock System prefs. Unix error code 2.
2024-10-16 00:15:23,330 [ERROR] LogOutputStream:75 - [STDERR_REDIRECT] 
2024-10-16 00:15:23,330 [ERROR] LogOutputStream:75 - [STDERR_REDIRECT] Oct 16, 2024 12:15:23 AM java.util.prefs.FileSystemPreferences syncWorld
2024-10-16 00:15:23,330 [ERROR] LogOutputStream:75 - [STDERR_REDIRECT] WARNING: Couldn't flush system prefs: java.util.prefs.BackingStoreException: Couldn't get file lock.
2024-10-16 00:15:23,330 [ERROR] LogOutputStream:75 - [STDERR_REDIRECT] 
2024-10-16 00:15:53,330 [ERROR] LogOutputStream:75 - [STDERR_REDIRECT] Oct 16, 2024 12:15:53 AM java.util.prefs.FileSystemPreferences checkLockFile0ErrorCode
2024-10-16 00:15:53,330 [ERROR] LogOutputStream:75 - [STDERR_REDIRECT] WARNING: Could not lock System prefs. Unix error code 2.
2024-10-16 00:15:53,330 [ERROR] LogOutputStream:75 - [STDERR_REDIRECT] 
2024-10-16 00:15:53,331 [ERROR] LogOutputStream:75 - [STDERR_REDIRECT] Oct 16, 2024 12:15:53 AM java.util.prefs.FileSystemPreferences syncWorld
2024-10-16 00:15:53,331 [ERROR] LogOutputStream:75 - [STDERR_REDIRECT] WARNING: Couldn't flush system prefs: java.util.prefs.BackingStoreException: Couldn't get file lock.
2024-10-16 00:15:53,331 [ERROR] LogOutputStream:75 - [STDERR_REDIRECT] 
2024-10-16 00:16:23,331 [ERROR] LogOutputStream:75 - [STDERR_REDIRECT] Oct 16, 2024 12:16:23 AM java.util.prefs.FileSystemPreferences checkLockFile0ErrorCode
2024-10-16 00:16:23,331 [ERROR] LogOutputStream:75 - [STDERR_REDIRECT] WARNING: Could not lock System prefs. Unix error code 2.
2024-10-16 00:16:23,331 [ERROR] LogOutputStream:75 - [STDERR_REDIRECT] 
2024-10-16 00:16:23,331 [ERROR] LogOutputStream:75 - [STDERR_REDIRECT] Oct 16, 2024 12:16:23 AM java.util.prefs.FileSystemPreferences syncWorld
2024-10-16 00:16:23,332 [ERROR] LogOutputStream:75 - [STDERR_REDIRECT] WARNING: Couldn't flush system prefs: java.util.prefs.BackingStoreException: Couldn't get file lock.
2024-10-16 00:16:23,332 [ERROR] LogOutputStream:75 - [STDERR_REDIRECT] 
2024-10-16 00:16:53,331 [ERROR] LogOutputStream:75 - [STDERR_REDIRECT] Oct 16, 2024 12:16:53 AM java.util.prefs.FileSystemPreferences checkLockFile0ErrorCode
2024-10-16 00:16:53,331 [ERROR] LogOutputStream:75 - [STDERR_REDIRECT] WARNING: Could not lock System prefs. Unix error code 2.
2024-10-16 00:16:53,331 [ERROR] LogOutputStream:75 - [STDERR_REDIRECT] 
2024-10-16 00:16:53,331 [ERROR] LogOutputStream:75 - [STDERR_REDIRECT] Oct 16, 2024 12:16:53 AM java.util.prefs.FileSystemPreferences syncWorld
2024-10-16 00:16:53,331 [ERROR] LogOutputStream:75 - [STDERR_REDIRECT] WARNING: Couldn't flush system prefs: java.util.prefs.BackingStoreException: Couldn't get file lock.
2024-10-16 00:16:53,331 [ERROR] LogOutputStream:75 - [STDERR_REDIRECT] 
2024-10-16 00:17:23,331 [ERROR] LogOutputStream:75 - [STDERR_REDIRECT] Oct 16, 2024 12:17:23 AM java.util.prefs.FileSystemPreferences checkLockFile0ErrorCode
2024-10-16 00:17:23,331 [ERROR] LogOutputStream:75 - [STDERR_REDIRECT] WARNING: Could not lock System prefs. Unix error code 2.
2024-10-16 00:17:23,332 [ERROR] LogOutputStream:75 - [STDERR_REDIRECT] 
2024-10-16 00:17:23,332 [ERROR] LogOutputStream:75 - [STDERR_REDIRECT] Oct 16, 2024 12:17:23 AM java.util.prefs.FileSystemPreferences syncWorld
2024-10-16 00:17:23,332 [ERROR] LogOutputStream:75 - [STDERR_REDIRECT] WARNING: Couldn't flush system prefs: java.util.prefs.BackingStoreException: Couldn't get file lock.
2024-10-16 00:17:23,332 [ERROR] LogOutputStream:75 - [STDERR_REDIRECT] 
2024-10-16 00:17:53,331 [ERROR] LogOutputStream:75 - [STDERR_REDIRECT] Oct 16, 2024 12:17:53 AM java.util.prefs.FileSystemPreferences checkLockFile0ErrorCode
2024-10-16 00:17:53,332 [ERROR] LogOutputStream:75 - [STDERR_REDIRECT] WARNING: Could not lock System prefs. Unix error code 2.
2024-10-16 00:17:53,332 [ERROR] LogOutputStream:75 - [STDERR_REDIRECT] 
2024-10-16 00:17:53,332 [ERROR] LogOutputStream:75 - [STDERR_REDIRECT] Oct 16, 2024 12:17:53 AM java.util.prefs.FileSystemPreferences syncWorld
2024-10-16 00:17:53,332 [ERROR] LogOutputStream:75 - [STDERR_REDIRECT] WARNING: Couldn't flush system prefs: java.util.prefs.BackingStoreException: Couldn't get file lock.
2024-10-16 00:17:53,332 [ERROR] LogOutputStream:75 - [STDERR_REDIRECT] 
2024-10-16 00:18:23,332 [ERROR] LogOutputStream:75 - [STDERR_REDIRECT] Oct 16, 2024 12:18:23 AM java.util.prefs.FileSystemPreferences checkLockFile0ErrorCode
2024-10-16 00:18:23,332 [ERROR] LogOutputStream:75 - [STDERR_REDIRECT] WARNING: Could not lock System prefs. Unix error code 2.
2024-10-16 00:18:23,332 [ERROR] LogOutputStream:75 - [STDERR_REDIRECT] 
2024-10-16 00:18:23,332 [ERROR] LogOutputStream:75 - [STDERR_REDIRECT] Oct 16, 2024 12:18:23 AM java.util.prefs.FileSystemPreferences syncWorld
2024-10-16 00:18:23,332 [ERROR] LogOutputStream:75 - [STDERR_REDIRECT] WARNING: Couldn't flush system prefs: java.util.prefs.BackingStoreException: Couldn't get file lock.
2024-10-16 00:18:23,333 [ERROR] LogOutputStream:75 - [STDERR_REDIRECT] 
2024-10-16 00:18:53,331 [ERROR] LogOutputStream:75 - [STDERR_REDIRECT] Oct 16, 2024 12:18:53 AM java.util.prefs.FileSystemPreferences checkLockFile0ErrorCode
2024-10-16 00:18:53,332 [ERROR] LogOutputStream:75 - [STDERR_REDIRECT] WARNING: Could not lock System prefs. Unix error code 2.
2024-10-16 00:18:53,332 [ERROR] LogOutputStream:75 - [STDERR_REDIRECT] 
2024-10-16 00:18:53,332 [ERROR] LogOutputStream:75 - [STDERR_REDIRECT] Oct 16, 2024 12:18:53 AM java.util.prefs.FileSystemPreferences syncWorld
2024-10-16 00:18:53,332 [ERROR] LogOutputStream:75 - [STDERR_REDIRECT] WARNING: Couldn't flush system prefs: java.util.prefs.BackingStoreException: Couldn't get file lock.
2024-10-16 00:18:53,332 [ERROR] LogOutputStream:75 - [STDERR_REDIRECT] 
2024-10-16 00:19:23,331 [ERROR] LogOutputStream:75 - [STDERR_REDIRECT] Oct 16, 2024 12:19:23 AM java.util.prefs.FileSystemPreferences checkLockFile0ErrorCode
2024-10-16 00:19:23,331 [ERROR] LogOutputStream:75 - [STDERR_REDIRECT] WARNING: Could not lock System prefs. Unix error code 2.
2024-10-16 00:19:23,331 [ERROR] LogOutputStream:75 - [STDERR_REDIRECT] 
2024-10-16 00:19:23,332 [ERROR] LogOutputStream:75 - [STDERR_REDIRECT] Oct 16, 2024 12:19:23 AM java.util.prefs.FileSystemPreferences syncWorld
2024-10-16 00:19:23,332 [ERROR] LogOutputStream:75 - [STDERR_REDIRECT] WARNING: Couldn't flush system prefs: java.util.prefs.BackingStoreException: Couldn't get file lock.
2024-10-16 00:19:23,332 [ERROR] LogOutputStream:75 - [STDERR_REDIRECT] 
2024-10-16 00:19:53,331 [ERROR] LogOutputStream:75 - [STDERR_REDIRECT] Oct 16, 2024 12:19:53 AM java.util.prefs.FileSystemPreferences checkLockFile0ErrorCode
2024-10-16 00:19:53,331 [ERROR] LogOutputStream:75 - [STDERR_REDIRECT] WARNING: Could not lock System prefs. Unix error code 2.
2024-10-16 00:19:53,331 [ERROR] LogOutputStream:75 - [STDERR_REDIRECT] 
2024-10-16 00:19:53,332 [ERROR] LogOutputStream:75 - [STDERR_REDIRECT] Oct 16, 2024 12:19:53 AM java.util.prefs.FileSystemPreferences syncWorld
2024-10-16 00:19:53,332 [ERROR] LogOutputStream:75 - [STDERR_REDIRECT] WARNING: Couldn't flush system prefs: java.util.prefs.BackingStoreException: Couldn't get file lock.
2024-10-16 00:19:53,332 [ERROR] LogOutputStream:75 - [STDERR_REDIRECT] 
2024-10-16 00:20:23,331 [ERROR] LogOutputStream:75 - [STDERR_REDIRECT] Oct 16, 2024 12:20:23 AM java.util.prefs.FileSystemPreferences checkLockFile0ErrorCode
2024-10-16 00:20:23,331 [ERROR] LogOutputStream:75 - [STDERR_REDIRECT] WARNING: Could not lock System prefs. Unix error code 2.
2024-10-16 00:20:23,332 [ERROR] LogOutputStream:75 - [STDERR_REDIRECT] 
2024-10-16 00:20:23,332 [ERROR] LogOutputStream:75 - [STDERR_REDIRECT] Oct 16, 2024 12:20:23 AM java.util.prefs.FileSystemPreferences syncWorld
2024-10-16 00:20:23,332 [ERROR] LogOutputStream:75 - [STDERR_REDIRECT] WARNING: Couldn't flush system prefs: java.util.prefs.BackingStoreException: Couldn't get file lock.
2024-10-16 00:20:23,332 [ERROR] LogOutputStream:75 - [STDERR_REDIRECT] 
2024-10-16 00:20:53,332 [ERROR] LogOutputStream:75 - [STDERR_REDIRECT] Oct 16, 2024 12:20:53 AM java.util.prefs.FileSystemPreferences checkLockFile0ErrorCode
2024-10-16 00:20:53,332 [ERROR] LogOutputStream:75 - [STDERR_REDIRECT] WARNING: Could not lock System prefs. Unix error code 2.
2024-10-16 00:20:53,332 [ERROR] LogOutputStream:75 - [STDERR_REDIRECT] 
2024-10-16 00:20:53,332 [ERROR] LogOutputStream:75 - [STDERR_REDIRECT] Oct 16, 2024 12:20:53 AM java.util.prefs.FileSystemPreferences syncWorld
2024-10-16 00:20:53,332 [ERROR] LogOutputStream:75 - [STDERR_REDIRECT] WARNING: Couldn't flush system prefs: java.util.prefs.BackingStoreException: Couldn't get file lock.
2024-10-16 00:20:53,332 [ERROR] LogOutputStream:75 - [STDERR_REDIRECT] 
2024-10-16 00:21:23,332 [ERROR] LogOutputStream:75 - [STDERR_REDIRECT] Oct 16, 2024 12:21:23 AM java.util.prefs.FileSystemPreferences checkLockFile0ErrorCode
2024-10-16 00:21:23,332 [ERROR] LogOutputStream:75 - [STDERR_REDIRECT] WARNING: Could not lock System prefs. Unix error code 2.
2024-10-16 00:21:23,333 [ERROR] LogOutputStream:75 - [STDERR_REDIRECT] 
2024-10-16 00:21:23,333 [ERROR] LogOutputStream:75 - [STDERR_REDIRECT] Oct 16, 2024 12:21:23 AM java.util.prefs.FileSystemPreferences syncWorld
2024-10-16 00:21:23,333 [ERROR] LogOutputStream:75 - [STDERR_REDIRECT] WARNING: Couldn't flush system prefs: java.util.prefs.BackingStoreException: Couldn't get file lock.
2024-10-16 00:21:23,333 [ERROR] LogOutputStream:75 - [STDERR_REDIRECT] 
2024-10-16 00:21:53,332 [ERROR] LogOutputStream:75 - [STDERR_REDIRECT] Oct 16, 2024 12:21:53 AM java.util.prefs.FileSystemPreferences checkLockFile0ErrorCode
2024-10-16 00:21:53,332 [ERROR] LogOutputStream:75 - [STDERR_REDIRECT] WARNING: Could not lock System prefs. Unix error code 2.
2024-10-16 00:21:53,332 [ERROR] LogOutputStream:75 - [STDERR_REDIRECT] 
2024-10-16 00:21:53,332 [ERROR] LogOutputStream:75 - [STDERR_REDIRECT] Oct 16, 2024 12:21:53 AM java.util.prefs.FileSystemPreferences syncWorld
2024-10-16 00:21:53,332 [ERROR] LogOutputStream:75 - [STDERR_REDIRECT] WARNING: Couldn't flush system prefs: java.util.prefs.BackingStoreException: Couldn't get file lock.
2024-10-16 00:21:53,332 [ERROR] LogOutputStream:75 - [STDERR_REDIRECT] 
2024-10-16 00:22:23,331 [ERROR] LogOutputStream:75 - [STDERR_REDIRECT] Oct 16, 2024 12:22:23 AM java.util.prefs.FileSystemPreferences checkLockFile0ErrorCode
2024-10-16 00:22:23,332 [ERROR] LogOutputStream:75 - [STDERR_REDIRECT] WARNING: Could not lock System prefs. Unix error code 2.
2024-10-16 00:22:23,332 [ERROR] LogOutputStream:75 - [STDERR_REDIRECT] 
2024-10-16 00:22:23,332 [ERROR] LogOutputStream:75 - [STDERR_REDIRECT] Oct 16, 2024 12:22:23 AM java.util.prefs.FileSystemPreferences syncWorld
2024-10-16 00:22:23,332 [ERROR] LogOutputStream:75 - [STDERR_REDIRECT] WARNING: Couldn't flush system prefs: java.util.prefs.BackingStoreException: Couldn't get file lock.
2024-10-16 00:22:23,332 [ERROR] LogOutputStream:75 - [STDERR_REDIRECT] 
2024-10-16 00:22:53,332 [ERROR] LogOutputStream:75 - [STDERR_REDIRECT] Oct 16, 2024 12:22:53 AM java.util.prefs.FileSystemPreferences checkLockFile0ErrorCode
2024-10-16 00:22:53,332 [ERROR] LogOutputStream:75 - [STDERR_REDIRECT] WARNING: Could not lock System prefs. Unix error code 2.
2024-10-16 00:22:53,332 [ERROR] LogOutputStream:75 - [STDERR_REDIRECT] 
2024-10-16 00:22:53,332 [ERROR] LogOutputStream:75 - [STDERR_REDIRECT] Oct 16, 2024 12:22:53 AM java.util.prefs.FileSystemPreferences syncWorld
2024-10-16 00:22:53,333 [ERROR] LogOutputStream:75 - [STDERR_REDIRECT] WARNING: Couldn't flush system prefs: java.util.prefs.BackingStoreException: Couldn't get file lock.
2024-10-16 00:22:53,333 [ERROR] LogOutputStream:75 - [STDERR_REDIRECT] 
2024-10-16 00:23:23,332 [ERROR] LogOutputStream:75 - [STDERR_REDIRECT] Oct 16, 2024 12:23:23 AM java.util.prefs.FileSystemPreferences checkLockFile0ErrorCode
2024-10-16 00:23:23,332 [ERROR] LogOutputStream:75 - [STDERR_REDIRECT] WARNING: Could not lock System prefs. Unix error code 2.
2024-10-16 00:23:23,332 [ERROR] LogOutputStream:75 - [STDERR_REDIRECT] 
2024-10-16 00:23:23,332 [ERROR] LogOutputStream:75 - [STDERR_REDIRECT] Oct 16, 2024 12:23:23 AM java.util.prefs.FileSystemPreferences syncWorld
2024-10-16 00:23:23,332 [ERROR] LogOutputStream:75 - [STDERR_REDIRECT] WARNING: Couldn't flush system prefs: java.util.prefs.BackingStoreException: Couldn't get file lock.
2024-10-16 00:23:23,332 [ERROR] LogOutputStream:75 - [STDERR_REDIRECT] 
2024-10-16 00:23:53,332 [ERROR] LogOutputStream:75 - [STDERR_REDIRECT] Oct 16, 2024 12:23:53 AM java.util.prefs.FileSystemPreferences checkLockFile0ErrorCode
2024-10-16 00:23:53,332 [ERROR] LogOutputStream:75 - [STDERR_REDIRECT] WARNING: Could not lock System prefs. Unix error code 2.
2024-10-16 00:23:53,332 [ERROR] LogOutputStream:75 - [STDERR_REDIRECT] 
2024-10-16 00:23:53,332 [ERROR] LogOutputStream:75 - [STDERR_REDIRECT] Oct 16, 2024 12:23:53 AM java.util.prefs.FileSystemPreferences syncWorld
2024-10-16 00:23:53,332 [ERROR] LogOutputStream:75 - [STDERR_REDIRECT] WARNING: Couldn't flush system prefs: java.util.prefs.BackingStoreException: Couldn't get file lock.
2024-10-16 00:23:53,332 [ERROR] LogOutputStream:75 - [STDERR_REDIRECT] 
2024-10-16 00:24:23,332 [ERROR] LogOutputStream:75 - [STDERR_REDIRECT] Oct 16, 2024 12:24:23 AM java.util.prefs.FileSystemPreferences checkLockFile0ErrorCode
2024-10-16 00:24:23,332 [ERROR] LogOutputStream:75 - [STDERR_REDIRECT] WARNING: Could not lock System prefs. Unix error code 2.
2024-10-16 00:24:23,332 [ERROR] LogOutputStream:75 - [STDERR_REDIRECT] 
2024-10-16 00:24:23,333 [ERROR] LogOutputStream:75 - [STDERR_REDIRECT] Oct 16, 2024 12:24:23 AM java.util.prefs.FileSystemPreferences syncWorld
2024-10-16 00:24:23,333 [ERROR] LogOutputStream:75 - [STDERR_REDIRECT] WARNING: Couldn't flush system prefs: java.util.prefs.BackingStoreException: Couldn't get file lock.
2024-10-16 00:24:23,333 [ERROR] LogOutputStream:75 - [STDERR_REDIRECT] 
2024-10-16 00:24:53,331 [ERROR] LogOutputStream:75 - [STDERR_REDIRECT] Oct 16, 2024 12:24:53 AM java.util.prefs.FileSystemPreferences checkLockFile0ErrorCode
2024-10-16 00:24:53,331 [ERROR] LogOutputStream:75 - [STDERR_REDIRECT] WARNING: Could not lock System prefs. Unix error code 2.
2024-10-16 00:24:53,331 [ERROR] LogOutputStream:75 - [STDERR_REDIRECT] 
2024-10-16 00:24:53,332 [ERROR] LogOutputStream:75 - [STDERR_REDIRECT] Oct 16, 2024 12:24:53 AM java.util.prefs.FileSystemPreferences syncWorld
2024-10-16 00:24:53,332 [ERROR] LogOutputStream:75 - [STDERR_REDIRECT] WARNING: Couldn't flush system prefs: java.util.prefs.BackingStoreException: Couldn't get file lock.
2024-10-16 00:24:53,332 [ERROR] LogOutputStream:75 - [STDERR_REDIRECT] 
2024-10-16 00:25:23,332 [ERROR] LogOutputStream:75 - [STDERR_REDIRECT] Oct 16, 2024 12:25:23 AM java.util.prefs.FileSystemPreferences checkLockFile0ErrorCode
2024-10-16 00:25:23,332 [ERROR] LogOutputStream:75 - [STDERR_REDIRECT] WARNING: Could not lock System prefs. Unix error code 2.
2024-10-16 00:25:23,332 [ERROR] LogOutputStream:75 - [STDERR_REDIRECT] 
2024-10-16 00:25:23,332 [ERROR] LogOutputStream:75 - [STDERR_REDIRECT] Oct 16, 2024 12:25:23 AM java.util.prefs.FileSystemPreferences syncWorld
2024-10-16 00:25:23,332 [ERROR] LogOutputStream:75 - [STDERR_REDIRECT] WARNING: Couldn't flush system prefs: java.util.prefs.BackingStoreException: Couldn't get file lock.
2024-10-16 00:25:23,332 [ERROR] LogOutputStream:75 - [STDERR_REDIRECT] 
2024-10-16 00:25:53,332 [ERROR] LogOutputStream:75 - [STDERR_REDIRECT] Oct 16, 2024 12:25:53 AM java.util.prefs.FileSystemPreferences checkLockFile0ErrorCode
2024-10-16 00:25:53,332 [ERROR] LogOutputStream:75 - [STDERR_REDIRECT] WARNING: Could not lock System prefs. Unix error code 2.
2024-10-16 00:25:53,332 [ERROR] LogOutputStream:75 - [STDERR_REDIRECT] 
2024-10-16 00:25:53,333 [ERROR] LogOutputStream:75 - [STDERR_REDIRECT] Oct 16, 2024 12:25:53 AM java.util.prefs.FileSystemPreferences syncWorld
2024-10-16 00:25:53,333 [ERROR] LogOutputStream:75 - [STDERR_REDIRECT] WARNING: Couldn't flush system prefs: java.util.prefs.BackingStoreException: Couldn't get file lock.
2024-10-16 00:25:53,333 [ERROR] LogOutputStream:75 - [STDERR_REDIRECT] 
2024-10-16 00:26:23,331 [ERROR] LogOutputStream:75 - [STDERR_REDIRECT] Oct 16, 2024 12:26:23 AM java.util.prefs.FileSystemPreferences checkLockFile0ErrorCode
2024-10-16 00:26:23,332 [ERROR] LogOutputStream:75 - [STDERR_REDIRECT] WARNING: Could not lock System prefs. Unix error code 2.
2024-10-16 00:26:23,332 [ERROR] LogOutputStream:75 - [STDERR_REDIRECT] 
2024-10-16 00:26:23,332 [ERROR] LogOutputStream:75 - [STDERR_REDIRECT] Oct 16, 2024 12:26:23 AM java.util.prefs.FileSystemPreferences syncWorld
2024-10-16 00:26:23,332 [ERROR] LogOutputStream:75 - [STDERR_REDIRECT] WARNING: Couldn't flush system prefs: java.util.prefs.BackingStoreException: Couldn't get file lock.
2024-10-16 00:26:23,332 [ERROR] LogOutputStream:75 - [STDERR_REDIRECT] 
2024-10-16 00:26:53,332 [ERROR] LogOutputStream:75 - [STDERR_REDIRECT] Oct 16, 2024 12:26:53 AM java.util.prefs.FileSystemPreferences checkLockFile0ErrorCode
2024-10-16 00:26:53,332 [ERROR] LogOutputStream:75 - [STDERR_REDIRECT] WARNING: Could not lock System prefs. Unix error code 2.
2024-10-16 00:26:53,332 [ERROR] LogOutputStream:75 - [STDERR_REDIRECT] 
2024-10-16 00:26:53,332 [ERROR] LogOutputStream:75 - [STDERR_REDIRECT] Oct 16, 2024 12:26:53 AM java.util.prefs.FileSystemPreferences syncWorld
2024-10-16 00:26:53,332 [ERROR] LogOutputStream:75 - [STDERR_REDIRECT] WARNING: Couldn't flush system prefs: java.util.prefs.BackingStoreException: Couldn't get file lock.
2024-10-16 00:26:53,332 [ERROR] LogOutputStream:75 - [STDERR_REDIRECT] 
2024-10-16 00:27:23,332 [ERROR] LogOutputStream:75 - [STDERR_REDIRECT] Oct 16, 2024 12:27:23 AM java.util.prefs.FileSystemPreferences checkLockFile0ErrorCode
2024-10-16 00:27:23,332 [ERROR] LogOutputStream:75 - [STDERR_REDIRECT] WARNING: Could not lock System prefs. Unix error code 2.
2024-10-16 00:27:23,332 [ERROR] LogOutputStream:75 - [STDERR_REDIRECT] 
2024-10-16 00:27:23,332 [ERROR] LogOutputStream:75 - [STDERR_REDIRECT] Oct 16, 2024 12:27:23 AM java.util.prefs.FileSystemPreferences syncWorld
2024-10-16 00:27:23,332 [ERROR] LogOutputStream:75 - [STDERR_REDIRECT] WARNING: Couldn't flush system prefs: java.util.prefs.BackingStoreException: Couldn't get file lock.
2024-10-16 00:27:23,332 [ERROR] LogOutputStream:75 - [STDERR_REDIRECT] 
2024-10-16 00:27:53,332 [ERROR] LogOutputStream:75 - [STDERR_REDIRECT] Oct 16, 2024 12:27:53 AM java.util.prefs.FileSystemPreferences checkLockFile0ErrorCode
2024-10-16 00:27:53,332 [ERROR] LogOutputStream:75 - [STDERR_REDIRECT] WARNING: Could not lock System prefs. Unix error code 2.
2024-10-16 00:27:53,332 [ERROR] LogOutputStream:75 - [STDERR_REDIRECT] 
2024-10-16 00:27:53,332 [ERROR] LogOutputStream:75 - [STDERR_REDIRECT] Oct 16, 2024 12:27:53 AM java.util.prefs.FileSystemPreferences syncWorld
2024-10-16 00:27:53,332 [ERROR] LogOutputStream:75 - [STDERR_REDIRECT] WARNING: Couldn't flush system prefs: java.util.prefs.BackingStoreException: Couldn't get file lock.
2024-10-16 00:27:53,332 [ERROR] LogOutputStream:75 - [STDERR_REDIRECT] 
2024-10-16 00:28:23,332 [ERROR] LogOutputStream:75 - [STDERR_REDIRECT] Oct 16, 2024 12:28:23 AM java.util.prefs.FileSystemPreferences checkLockFile0ErrorCode
2024-10-16 00:28:23,332 [ERROR] LogOutputStream:75 - [STDERR_REDIRECT] WARNING: Could not lock System prefs. Unix error code 2.
2024-10-16 00:28:23,332 [ERROR] LogOutputStream:75 - [STDERR_REDIRECT] 
2024-10-16 00:28:23,332 [ERROR] LogOutputStream:75 - [STDERR_REDIRECT] Oct 16, 2024 12:28:23 AM java.util.prefs.FileSystemPreferences syncWorld
2024-10-16 00:28:23,332 [ERROR] LogOutputStream:75 - [STDERR_REDIRECT] WARNING: Couldn't flush system prefs: java.util.prefs.BackingStoreException: Couldn't get file lock.
2024-10-16 00:28:23,332 [ERROR] LogOutputStream:75 - [STDERR_REDIRECT] 
2024-10-16 00:28:53,332 [ERROR] LogOutputStream:75 - [STDERR_REDIRECT] Oct 16, 2024 12:28:53 AM java.util.prefs.FileSystemPreferences checkLockFile0ErrorCode
2024-10-16 00:28:53,332 [ERROR] LogOutputStream:75 - [STDERR_REDIRECT] WARNING: Could not lock System prefs. Unix error code 2.
2024-10-16 00:28:53,332 [ERROR] LogOutputStream:75 - [STDERR_REDIRECT] 
2024-10-16 00:28:53,332 [ERROR] LogOutputStream:75 - [STDERR_REDIRECT] Oct 16, 2024 12:28:53 AM java.util.prefs.FileSystemPreferences syncWorld
2024-10-16 00:28:53,333 [ERROR] LogOutputStream:75 - [STDERR_REDIRECT] WARNING: Couldn't flush system prefs: java.util.prefs.BackingStoreException: Couldn't get file lock.
2024-10-16 00:28:53,333 [ERROR] LogOutputStream:75 - [STDERR_REDIRECT] 
2024-10-16 00:29:23,332 [ERROR] LogOutputStream:75 - [STDERR_REDIRECT] Oct 16, 2024 12:29:23 AM java.util.prefs.FileSystemPreferences checkLockFile0ErrorCode
2024-10-16 00:29:23,332 [ERROR] LogOutputStream:75 - [STDERR_REDIRECT] WARNING: Could not lock System prefs. Unix error code 2.
2024-10-16 00:29:23,333 [ERROR] LogOutputStream:75 - [STDERR_REDIRECT] 
2024-10-16 00:29:23,333 [ERROR] LogOutputStream:75 - [STDERR_REDIRECT] Oct 16, 2024 12:29:23 AM java.util.prefs.FileSystemPreferences syncWorld
2024-10-16 00:29:23,333 [ERROR] LogOutputStream:75 - [STDERR_REDIRECT] WARNING: Couldn't flush system prefs: java.util.prefs.BackingStoreException: Couldn't get file lock.
2024-10-16 00:29:23,333 [ERROR] LogOutputStream:75 - [STDERR_REDIRECT] 
2024-10-16 00:29:53,333 [ERROR] LogOutputStream:75 - [STDERR_REDIRECT] Oct 16, 2024 12:29:53 AM java.util.prefs.FileSystemPreferences checkLockFile0ErrorCode
2024-10-16 00:29:53,333 [ERROR] LogOutputStream:75 - [STDERR_REDIRECT] WARNING: Could not lock System prefs. Unix error code 2.
2024-10-16 00:29:53,333 [ERROR] LogOutputStream:75 - [STDERR_REDIRECT] 
2024-10-16 00:29:53,334 [ERROR] LogOutputStream:75 - [STDERR_REDIRECT] Oct 16, 2024 12:29:53 AM java.util.prefs.FileSystemPreferences syncWorld
2024-10-16 00:29:53,334 [ERROR] LogOutputStream:75 - [STDERR_REDIRECT] WARNING: Couldn't flush system prefs: java.util.prefs.BackingStoreException: Couldn't get file lock.
2024-10-16 00:29:53,334 [ERROR] LogOutputStream:75 - [STDERR_REDIRECT] 
2024-10-16 00:30:23,332 [ERROR] LogOutputStream:75 - [STDERR_REDIRECT] Oct 16, 2024 12:30:23 AM java.util.prefs.FileSystemPreferences checkLockFile0ErrorCode
2024-10-16 00:30:23,333 [ERROR] LogOutputStream:75 - [STDERR_REDIRECT] WARNING: Could not lock System prefs. Unix error code 2.
2024-10-16 00:30:23,333 [ERROR] LogOutputStream:75 - [STDERR_REDIRECT] 
2024-10-16 00:30:23,333 [ERROR] LogOutputStream:75 - [STDERR_REDIRECT] Oct 16, 2024 12:30:23 AM java.util.prefs.FileSystemPreferences syncWorld
2024-10-16 00:30:23,333 [ERROR] LogOutputStream:75 - [STDERR_REDIRECT] WARNING: Couldn't flush system prefs: java.util.prefs.BackingStoreException: Couldn't get file lock.
2024-10-16 00:30:23,333 [ERROR] LogOutputStream:75 - [STDERR_REDIRECT] 
2024-10-16 00:30:53,333 [ERROR] LogOutputStream:75 - [STDERR_REDIRECT] Oct 16, 2024 12:30:53 AM java.util.prefs.FileSystemPreferences checkLockFile0ErrorCode
2024-10-16 00:30:53,333 [ERROR] LogOutputStream:75 - [STDERR_REDIRECT] WARNING: Could not lock System prefs. Unix error code 2.
2024-10-16 00:30:53,333 [ERROR] LogOutputStream:75 - [STDERR_REDIRECT] 
2024-10-16 00:30:53,333 [ERROR] LogOutputStream:75 - [STDERR_REDIRECT] Oct 16, 2024 12:30:53 AM java.util.prefs.FileSystemPreferences syncWorld
2024-10-16 00:30:53,333 [ERROR] LogOutputStream:75 - [STDERR_REDIRECT] WARNING: Couldn't flush system prefs: java.util.prefs.BackingStoreException: Couldn't get file lock.
2024-10-16 00:30:53,333 [ERROR] LogOutputStream:75 - [STDERR_REDIRECT] 
2024-10-16 00:31:23,333 [ERROR] LogOutputStream:75 - [STDERR_REDIRECT] Oct 16, 2024 12:31:23 AM java.util.prefs.FileSystemPreferences checkLockFile0ErrorCode
2024-10-16 00:31:23,333 [ERROR] LogOutputStream:75 - [STDERR_REDIRECT] WARNING: Could not lock System prefs. Unix error code 2.
2024-10-16 00:31:23,333 [ERROR] LogOutputStream:75 - [STDERR_REDIRECT] 
2024-10-16 00:31:23,334 [ERROR] LogOutputStream:75 - [STDERR_REDIRECT] Oct 16, 2024 12:31:23 AM java.util.prefs.FileSystemPreferences syncWorld
2024-10-16 00:31:23,334 [ERROR] LogOutputStream:75 - [STDERR_REDIRECT] WARNING: Couldn't flush system prefs: java.util.prefs.BackingStoreException: Couldn't get file lock.
2024-10-16 00:31:23,334 [ERROR] LogOutputStream:75 - [STDERR_REDIRECT] 
2024-10-16 00:31:53,333 [ERROR] LogOutputStream:75 - [STDERR_REDIRECT] Oct 16, 2024 12:31:53 AM java.util.prefs.FileSystemPreferences checkLockFile0ErrorCode
2024-10-16 00:31:53,333 [ERROR] LogOutputStream:75 - [STDERR_REDIRECT] WARNING: Could not lock System prefs. Unix error code 2.
2024-10-16 00:31:53,333 [ERROR] LogOutputStream:75 - [STDERR_REDIRECT] 
2024-10-16 00:31:53,333 [ERROR] LogOutputStream:75 - [STDERR_REDIRECT] Oct 16, 2024 12:31:53 AM java.util.prefs.FileSystemPreferences syncWorld
2024-10-16 00:31:53,333 [ERROR] LogOutputStream:75 - [STDERR_REDIRECT] WARNING: Couldn't flush system prefs: java.util.prefs.BackingStoreException: Couldn't get file lock.
2024-10-16 00:31:53,333 [ERROR] LogOutputStream:75 - [STDERR_REDIRECT] 
2024-10-16 00:32:23,334 [ERROR] LogOutputStream:75 - [STDERR_REDIRECT] Oct 16, 2024 12:32:23 AM java.util.prefs.FileSystemPreferences checkLockFile0ErrorCode
2024-10-16 00:32:23,334 [ERROR] LogOutputStream:75 - [STDERR_REDIRECT] WARNING: Could not lock System prefs. Unix error code 2.
2024-10-16 00:32:23,334 [ERROR] LogOutputStream:75 - [STDERR_REDIRECT] 
2024-10-16 00:32:23,334 [ERROR] LogOutputStream:75 - [STDERR_REDIRECT] Oct 16, 2024 12:32:23 AM java.util.prefs.FileSystemPreferences syncWorld
2024-10-16 00:32:23,334 [ERROR] LogOutputStream:75 - [STDERR_REDIRECT] WARNING: Couldn't flush system prefs: java.util.prefs.BackingStoreException: Couldn't get file lock.
2024-10-16 00:32:23,334 [ERROR] LogOutputStream:75 - [STDERR_REDIRECT] 
