2024-10-23 00:00:22,743 [ERROR] LogOutputStream:75 - [STDERR_REDIRECT] Oct 23, 2024 12:00:22 AM java.util.prefs.FileSystemPreferences checkLockFile0ErrorCode
2024-10-23 00:00:22,751 [ERROR] LogOutputStream:75 - [STDERR_REDIRECT] WARNING: Could not lock System prefs. Unix error code 2.
2024-10-23 00:00:22,751 [ERROR] LogOutputStream:75 - [STDERR_REDIRECT] 
2024-10-23 00:00:22,752 [ERROR] LogOutputStream:75 - [STDERR_REDIRECT] Oct 23, 2024 12:00:22 AM java.util.prefs.FileSystemPreferences syncWorld
2024-10-23 00:00:22,752 [ERROR] LogOutputStream:75 - [STDERR_REDIRECT] WARNING: Couldn't flush system prefs: java.util.prefs.BackingStoreException: Couldn't get file lock.
2024-10-23 00:00:22,753 [ERROR] LogOutputStream:75 - [STDERR_REDIRECT] 
2024-10-23 00:00:52,742 [ERROR] LogOutputStream:75 - [STDERR_REDIRECT] Oct 23, 2024 12:00:52 AM java.util.prefs.FileSystemPreferences checkLockFile0ErrorCode
2024-10-23 00:00:52,742 [ERROR] LogOutputStream:75 - [STDERR_REDIRECT] WARNING: Could not lock System prefs. Unix error code 2.
2024-10-23 00:00:52,743 [ERROR] LogOutputStream:75 - [STDERR_REDIRECT] 
2024-10-23 00:00:52,743 [ERROR] LogOutputStream:75 - [STDERR_REDIRECT] Oct 23, 2024 12:00:52 AM java.util.prefs.FileSystemPreferences syncWorld
2024-10-23 00:00:52,744 [ERROR] LogOutputStream:75 - [STDERR_REDIRECT] WARNING: Couldn't flush system prefs: java.util.prefs.BackingStoreException: Couldn't get file lock.
2024-10-23 00:00:52,744 [ERROR] LogOutputStream:75 - [STDERR_REDIRECT] 
2024-10-23 00:01:22,751 [ERROR] LogOutputStream:75 - [STDERR_REDIRECT] Oct 23, 2024 12:01:22 AM java.util.prefs.FileSystemPreferences checkLockFile0ErrorCode
2024-10-23 00:01:22,752 [ERROR] LogOutputStream:75 - [STDERR_REDIRECT] WARNING: Could not lock System prefs. Unix error code 2.
2024-10-23 00:01:22,752 [ERROR] LogOutputStream:75 - [STDERR_REDIRECT] 
2024-10-23 00:01:22,775 [ERROR] LogOutputStream:75 - [STDERR_REDIRECT] Oct 23, 2024 12:01:22 AM java.util.prefs.FileSystemPreferences syncWorld
2024-10-23 00:01:22,775 [ERROR] LogOutputStream:75 - [STDERR_REDIRECT] WARNING: Couldn't flush system prefs: java.util.prefs.BackingStoreException: Couldn't get file lock.
2024-10-23 00:01:22,776 [ERROR] LogOutputStream:75 - [STDERR_REDIRECT] 
2024-10-23 00:01:52,743 [ERROR] LogOutputStream:75 - [STDERR_REDIRECT] Oct 23, 2024 12:01:52 AM java.util.prefs.FileSystemPreferences checkLockFile0ErrorCode
2024-10-23 00:01:52,744 [ERROR] LogOutputStream:75 - [STDERR_REDIRECT] WARNING: Could not lock System prefs. Unix error code 2.
2024-10-23 00:01:52,744 [ERROR] LogOutputStream:75 - [STDERR_REDIRECT] 
2024-10-23 00:01:52,745 [ERROR] LogOutputStream:75 - [STDERR_REDIRECT] Oct 23, 2024 12:01:52 AM java.util.prefs.FileSystemPreferences syncWorld
2024-10-23 00:01:52,745 [ERROR] LogOutputStream:75 - [STDERR_REDIRECT] WARNING: Couldn't flush system prefs: java.util.prefs.BackingStoreException: Couldn't get file lock.
2024-10-23 00:01:52,746 [ERROR] LogOutputStream:75 - [STDERR_REDIRECT] 
2024-10-23 00:02:22,744 [ERROR] LogOutputStream:75 - [STDERR_REDIRECT] Oct 23, 2024 12:02:22 AM java.util.prefs.FileSystemPreferences checkLockFile0ErrorCode
2024-10-23 00:02:22,744 [ERROR] LogOutputStream:75 - [STDERR_REDIRECT] WARNING: Could not lock System prefs. Unix error code 2.
2024-10-23 00:02:22,745 [ERROR] LogOutputStream:75 - [STDERR_REDIRECT] 
2024-10-23 00:02:22,745 [ERROR] LogOutputStream:75 - [STDERR_REDIRECT] Oct 23, 2024 12:02:22 AM java.util.prefs.FileSystemPreferences syncWorld
2024-10-23 00:02:22,745 [ERROR] LogOutputStream:75 - [STDERR_REDIRECT] WARNING: Couldn't flush system prefs: java.util.prefs.BackingStoreException: Couldn't get file lock.
2024-10-23 00:02:22,745 [ERROR] LogOutputStream:75 - [STDERR_REDIRECT] 
2024-10-23 00:02:52,742 [ERROR] LogOutputStream:75 - [STDERR_REDIRECT] Oct 23, 2024 12:02:52 AM java.util.prefs.FileSystemPreferences checkLockFile0ErrorCode
2024-10-23 00:02:52,743 [ERROR] LogOutputStream:75 - [STDERR_REDIRECT] WARNING: Could not lock System prefs. Unix error code 2.
2024-10-23 00:02:52,743 [ERROR] LogOutputStream:75 - [STDERR_REDIRECT] 
2024-10-23 00:02:52,743 [ERROR] LogOutputStream:75 - [STDERR_REDIRECT] Oct 23, 2024 12:02:52 AM java.util.prefs.FileSystemPreferences syncWorld
2024-10-23 00:02:52,744 [ERROR] LogOutputStream:75 - [STDERR_REDIRECT] WARNING: Couldn't flush system prefs: java.util.prefs.BackingStoreException: Couldn't get file lock.
2024-10-23 00:02:52,744 [ERROR] LogOutputStream:75 - [STDERR_REDIRECT] 
2024-10-23 00:03:22,742 [ERROR] LogOutputStream:75 - [STDERR_REDIRECT] Oct 23, 2024 12:03:22 AM java.util.prefs.FileSystemPreferences checkLockFile0ErrorCode
2024-10-23 00:03:22,743 [ERROR] LogOutputStream:75 - [STDERR_REDIRECT] WARNING: Could not lock System prefs. Unix error code 2.
2024-10-23 00:03:22,743 [ERROR] LogOutputStream:75 - [STDERR_REDIRECT] 
2024-10-23 00:03:22,744 [ERROR] LogOutputStream:75 - [STDERR_REDIRECT] Oct 23, 2024 12:03:22 AM java.util.prefs.FileSystemPreferences syncWorld
2024-10-23 00:03:22,744 [ERROR] LogOutputStream:75 - [STDERR_REDIRECT] WARNING: Couldn't flush system prefs: java.util.prefs.BackingStoreException: Couldn't get file lock.
2024-10-23 00:03:22,744 [ERROR] LogOutputStream:75 - [STDERR_REDIRECT] 
2024-10-23 00:03:52,743 [ERROR] LogOutputStream:75 - [STDERR_REDIRECT] Oct 23, 2024 12:03:52 AM java.util.prefs.FileSystemPreferences checkLockFile0ErrorCode
2024-10-23 00:03:52,744 [ERROR] LogOutputStream:75 - [STDERR_REDIRECT] WARNING: Could not lock System prefs. Unix error code 2.
2024-10-23 00:03:52,744 [ERROR] LogOutputStream:75 - [STDERR_REDIRECT] 
2024-10-23 00:03:52,745 [ERROR] LogOutputStream:75 - [STDERR_REDIRECT] Oct 23, 2024 12:03:52 AM java.util.prefs.FileSystemPreferences syncWorld
2024-10-23 00:03:52,745 [ERROR] LogOutputStream:75 - [STDERR_REDIRECT] WARNING: Couldn't flush system prefs: java.util.prefs.BackingStoreException: Couldn't get file lock.
2024-10-23 00:03:52,745 [ERROR] LogOutputStream:75 - [STDERR_REDIRECT] 
2024-10-23 00:04:22,743 [ERROR] LogOutputStream:75 - [STDERR_REDIRECT] Oct 23, 2024 12:04:22 AM java.util.prefs.FileSystemPreferences checkLockFile0ErrorCode
2024-10-23 00:04:22,744 [ERROR] LogOutputStream:75 - [STDERR_REDIRECT] WARNING: Could not lock System prefs. Unix error code 2.
2024-10-23 00:04:22,744 [ERROR] LogOutputStream:75 - [STDERR_REDIRECT] 
2024-10-23 00:04:22,745 [ERROR] LogOutputStream:75 - [STDERR_REDIRECT] Oct 23, 2024 12:04:22 AM java.util.prefs.FileSystemPreferences syncWorld
2024-10-23 00:04:22,746 [ERROR] LogOutputStream:75 - [STDERR_REDIRECT] WARNING: Couldn't flush system prefs: java.util.prefs.BackingStoreException: Couldn't get file lock.
2024-10-23 00:04:22,746 [ERROR] LogOutputStream:75 - [STDERR_REDIRECT] 
2024-10-23 00:04:52,744 [ERROR] LogOutputStream:75 - [STDERR_REDIRECT] Oct 23, 2024 12:04:52 AM java.util.prefs.FileSystemPreferences checkLockFile0ErrorCode
2024-10-23 00:04:52,744 [ERROR] LogOutputStream:75 - [STDERR_REDIRECT] WARNING: Could not lock System prefs. Unix error code 2.
2024-10-23 00:04:52,745 [ERROR] LogOutputStream:75 - [STDERR_REDIRECT] 
2024-10-23 00:04:52,746 [ERROR] LogOutputStream:75 - [STDERR_REDIRECT] Oct 23, 2024 12:04:52 AM java.util.prefs.FileSystemPreferences syncWorld
2024-10-23 00:04:52,747 [ERROR] LogOutputStream:75 - [STDERR_REDIRECT] WARNING: Couldn't flush system prefs: java.util.prefs.BackingStoreException: Couldn't get file lock.
2024-10-23 00:04:52,747 [ERROR] LogOutputStream:75 - [STDERR_REDIRECT] 
2024-10-23 00:05:22,743 [ERROR] LogOutputStream:75 - [STDERR_REDIRECT] Oct 23, 2024 12:05:22 AM java.util.prefs.FileSystemPreferences checkLockFile0ErrorCode
2024-10-23 00:05:22,744 [ERROR] LogOutputStream:75 - [STDERR_REDIRECT] WARNING: Could not lock System prefs. Unix error code 2.
2024-10-23 00:05:22,744 [ERROR] LogOutputStream:75 - [STDERR_REDIRECT] 
2024-10-23 00:05:22,745 [ERROR] LogOutputStream:75 - [STDERR_REDIRECT] Oct 23, 2024 12:05:22 AM java.util.prefs.FileSystemPreferences syncWorld
2024-10-23 00:05:22,745 [ERROR] LogOutputStream:75 - [STDERR_REDIRECT] WARNING: Couldn't flush system prefs: java.util.prefs.BackingStoreException: Couldn't get file lock.
2024-10-23 00:05:22,745 [ERROR] LogOutputStream:75 - [STDERR_REDIRECT] 
2024-10-23 00:05:52,743 [ERROR] LogOutputStream:75 - [STDERR_REDIRECT] Oct 23, 2024 12:05:52 AM java.util.prefs.FileSystemPreferences checkLockFile0ErrorCode
2024-10-23 00:05:52,744 [ERROR] LogOutputStream:75 - [STDERR_REDIRECT] WARNING: Could not lock System prefs. Unix error code 2.
2024-10-23 00:05:52,744 [ERROR] LogOutputStream:75 - [STDERR_REDIRECT] 
2024-10-23 00:05:52,745 [ERROR] LogOutputStream:75 - [STDERR_REDIRECT] Oct 23, 2024 12:05:52 AM java.util.prefs.FileSystemPreferences syncWorld
2024-10-23 00:05:52,745 [ERROR] LogOutputStream:75 - [STDERR_REDIRECT] WARNING: Couldn't flush system prefs: java.util.prefs.BackingStoreException: Couldn't get file lock.
2024-10-23 00:05:52,745 [ERROR] LogOutputStream:75 - [STDERR_REDIRECT] 
2024-10-23 00:06:22,743 [ERROR] LogOutputStream:75 - [STDERR_REDIRECT] Oct 23, 2024 12:06:22 AM java.util.prefs.FileSystemPreferences checkLockFile0ErrorCode
2024-10-23 00:06:22,743 [ERROR] LogOutputStream:75 - [STDERR_REDIRECT] WARNING: Could not lock System prefs. Unix error code 2.
2024-10-23 00:06:22,744 [ERROR] LogOutputStream:75 - [STDERR_REDIRECT] 
2024-10-23 00:06:22,744 [ERROR] LogOutputStream:75 - [STDERR_REDIRECT] Oct 23, 2024 12:06:22 AM java.util.prefs.FileSystemPreferences syncWorld
2024-10-23 00:06:22,744 [ERROR] LogOutputStream:75 - [STDERR_REDIRECT] WARNING: Couldn't flush system prefs: java.util.prefs.BackingStoreException: Couldn't get file lock.
2024-10-23 00:06:22,744 [ERROR] LogOutputStream:75 - [STDERR_REDIRECT] 
2024-10-23 00:06:52,744 [ERROR] LogOutputStream:75 - [STDERR_REDIRECT] Oct 23, 2024 12:06:52 AM java.util.prefs.FileSystemPreferences checkLockFile0ErrorCode
2024-10-23 00:06:52,744 [ERROR] LogOutputStream:75 - [STDERR_REDIRECT] WARNING: Could not lock System prefs. Unix error code 2.
2024-10-23 00:06:52,744 [ERROR] LogOutputStream:75 - [STDERR_REDIRECT] 
2024-10-23 00:06:52,745 [ERROR] LogOutputStream:75 - [STDERR_REDIRECT] Oct 23, 2024 12:06:52 AM java.util.prefs.FileSystemPreferences syncWorld
2024-10-23 00:06:52,745 [ERROR] LogOutputStream:75 - [STDERR_REDIRECT] WARNING: Couldn't flush system prefs: java.util.prefs.BackingStoreException: Couldn't get file lock.
2024-10-23 00:06:52,745 [ERROR] LogOutputStream:75 - [STDERR_REDIRECT] 
2024-10-23 00:07:22,744 [ERROR] LogOutputStream:75 - [STDERR_REDIRECT] Oct 23, 2024 12:07:22 AM java.util.prefs.FileSystemPreferences checkLockFile0ErrorCode
2024-10-23 00:07:22,745 [ERROR] LogOutputStream:75 - [STDERR_REDIRECT] WARNING: Could not lock System prefs. Unix error code 2.
2024-10-23 00:07:22,745 [ERROR] LogOutputStream:75 - [STDERR_REDIRECT] 
2024-10-23 00:07:22,745 [ERROR] LogOutputStream:75 - [STDERR_REDIRECT] Oct 23, 2024 12:07:22 AM java.util.prefs.FileSystemPreferences syncWorld
2024-10-23 00:07:22,746 [ERROR] LogOutputStream:75 - [STDERR_REDIRECT] WARNING: Couldn't flush system prefs: java.util.prefs.BackingStoreException: Couldn't get file lock.
2024-10-23 00:07:22,746 [ERROR] LogOutputStream:75 - [STDERR_REDIRECT] 
2024-10-23 00:07:52,744 [ERROR] LogOutputStream:75 - [STDERR_REDIRECT] Oct 23, 2024 12:07:52 AM java.util.prefs.FileSystemPreferences checkLockFile0ErrorCode
2024-10-23 00:07:52,744 [ERROR] LogOutputStream:75 - [STDERR_REDIRECT] WARNING: Could not lock System prefs. Unix error code 2.
2024-10-23 00:07:52,745 [ERROR] LogOutputStream:75 - [STDERR_REDIRECT] 
2024-10-23 00:07:52,745 [ERROR] LogOutputStream:75 - [STDERR_REDIRECT] Oct 23, 2024 12:07:52 AM java.util.prefs.FileSystemPreferences syncWorld
2024-10-23 00:07:52,745 [ERROR] LogOutputStream:75 - [STDERR_REDIRECT] WARNING: Couldn't flush system prefs: java.util.prefs.BackingStoreException: Couldn't get file lock.
2024-10-23 00:07:52,745 [ERROR] LogOutputStream:75 - [STDERR_REDIRECT] 
2024-10-23 00:08:22,744 [ERROR] LogOutputStream:75 - [STDERR_REDIRECT] Oct 23, 2024 12:08:22 AM java.util.prefs.FileSystemPreferences checkLockFile0ErrorCode
2024-10-23 00:08:22,745 [ERROR] LogOutputStream:75 - [STDERR_REDIRECT] WARNING: Could not lock System prefs. Unix error code 2.
2024-10-23 00:08:22,745 [ERROR] LogOutputStream:75 - [STDERR_REDIRECT] 
2024-10-23 00:08:22,745 [ERROR] LogOutputStream:75 - [STDERR_REDIRECT] Oct 23, 2024 12:08:22 AM java.util.prefs.FileSystemPreferences syncWorld
2024-10-23 00:08:22,746 [ERROR] LogOutputStream:75 - [STDERR_REDIRECT] WARNING: Couldn't flush system prefs: java.util.prefs.BackingStoreException: Couldn't get file lock.
2024-10-23 00:08:22,746 [ERROR] LogOutputStream:75 - [STDERR_REDIRECT] 
2024-10-23 00:08:52,744 [ERROR] LogOutputStream:75 - [STDERR_REDIRECT] Oct 23, 2024 12:08:52 AM java.util.prefs.FileSystemPreferences checkLockFile0ErrorCode
2024-10-23 00:08:52,744 [ERROR] LogOutputStream:75 - [STDERR_REDIRECT] WARNING: Could not lock System prefs. Unix error code 2.
2024-10-23 00:08:52,744 [ERROR] LogOutputStream:75 - [STDERR_REDIRECT] 
2024-10-23 00:08:52,745 [ERROR] LogOutputStream:75 - [STDERR_REDIRECT] Oct 23, 2024 12:08:52 AM java.util.prefs.FileSystemPreferences syncWorld
2024-10-23 00:08:52,745 [ERROR] LogOutputStream:75 - [STDERR_REDIRECT] WARNING: Couldn't flush system prefs: java.util.prefs.BackingStoreException: Couldn't get file lock.
2024-10-23 00:08:52,745 [ERROR] LogOutputStream:75 - [STDERR_REDIRECT] 
2024-10-23 00:09:22,744 [ERROR] LogOutputStream:75 - [STDERR_REDIRECT] Oct 23, 2024 12:09:22 AM java.util.prefs.FileSystemPreferences checkLockFile0ErrorCode
2024-10-23 00:09:22,745 [ERROR] LogOutputStream:75 - [STDERR_REDIRECT] WARNING: Could not lock System prefs. Unix error code 2.
2024-10-23 00:09:22,745 [ERROR] LogOutputStream:75 - [STDERR_REDIRECT] 
2024-10-23 00:09:22,745 [ERROR] LogOutputStream:75 - [STDERR_REDIRECT] Oct 23, 2024 12:09:22 AM java.util.prefs.FileSystemPreferences syncWorld
2024-10-23 00:09:22,746 [ERROR] LogOutputStream:75 - [STDERR_REDIRECT] WARNING: Couldn't flush system prefs: java.util.prefs.BackingStoreException: Couldn't get file lock.
2024-10-23 00:09:22,746 [ERROR] LogOutputStream:75 - [STDERR_REDIRECT] 
2024-10-23 00:09:52,742 [ERROR] LogOutputStream:75 - [STDERR_REDIRECT] Oct 23, 2024 12:09:52 AM java.util.prefs.FileSystemPreferences checkLockFile0ErrorCode
2024-10-23 00:09:52,742 [ERROR] LogOutputStream:75 - [STDERR_REDIRECT] WARNING: Could not lock System prefs. Unix error code 2.
2024-10-23 00:09:52,742 [ERROR] LogOutputStream:75 - [STDERR_REDIRECT] 
2024-10-23 00:09:52,743 [ERROR] LogOutputStream:75 - [STDERR_REDIRECT] Oct 23, 2024 12:09:52 AM java.util.prefs.FileSystemPreferences syncWorld
2024-10-23 00:09:52,743 [ERROR] LogOutputStream:75 - [STDERR_REDIRECT] WARNING: Couldn't flush system prefs: java.util.prefs.BackingStoreException: Couldn't get file lock.
2024-10-23 00:09:52,743 [ERROR] LogOutputStream:75 - [STDERR_REDIRECT] 
2024-10-23 00:10:22,743 [ERROR] LogOutputStream:75 - [STDERR_REDIRECT] Oct 23, 2024 12:10:22 AM java.util.prefs.FileSystemPreferences checkLockFile0ErrorCode
2024-10-23 00:10:22,743 [ERROR] LogOutputStream:75 - [STDERR_REDIRECT] WARNING: Could not lock System prefs. Unix error code 2.
2024-10-23 00:10:22,743 [ERROR] LogOutputStream:75 - [STDERR_REDIRECT] 
2024-10-23 00:10:22,743 [ERROR] LogOutputStream:75 - [STDERR_REDIRECT] Oct 23, 2024 12:10:22 AM java.util.prefs.FileSystemPreferences syncWorld
2024-10-23 00:10:22,743 [ERROR] LogOutputStream:75 - [STDERR_REDIRECT] WARNING: Couldn't flush system prefs: java.util.prefs.BackingStoreException: Couldn't get file lock.
2024-10-23 00:10:22,743 [ERROR] LogOutputStream:75 - [STDERR_REDIRECT] 
2024-10-23 00:10:52,743 [ERROR] LogOutputStream:75 - [STDERR_REDIRECT] Oct 23, 2024 12:10:52 AM java.util.prefs.FileSystemPreferences checkLockFile0ErrorCode
2024-10-23 00:10:52,743 [ERROR] LogOutputStream:75 - [STDERR_REDIRECT] WARNING: Could not lock System prefs. Unix error code 2.
2024-10-23 00:10:52,743 [ERROR] LogOutputStream:75 - [STDERR_REDIRECT] 
2024-10-23 00:10:52,743 [ERROR] LogOutputStream:75 - [STDERR_REDIRECT] Oct 23, 2024 12:10:52 AM java.util.prefs.FileSystemPreferences syncWorld
2024-10-23 00:10:52,743 [ERROR] LogOutputStream:75 - [STDERR_REDIRECT] WARNING: Couldn't flush system prefs: java.util.prefs.BackingStoreException: Couldn't get file lock.
2024-10-23 00:10:52,744 [ERROR] LogOutputStream:75 - [STDERR_REDIRECT] 
2024-10-23 00:11:22,742 [ERROR] LogOutputStream:75 - [STDERR_REDIRECT] Oct 23, 2024 12:11:22 AM java.util.prefs.FileSystemPreferences checkLockFile0ErrorCode
2024-10-23 00:11:22,742 [ERROR] LogOutputStream:75 - [STDERR_REDIRECT] WARNING: Could not lock System prefs. Unix error code 2.
2024-10-23 00:11:22,743 [ERROR] LogOutputStream:75 - [STDERR_REDIRECT] 
2024-10-23 00:11:22,743 [ERROR] LogOutputStream:75 - [STDERR_REDIRECT] Oct 23, 2024 12:11:22 AM java.util.prefs.FileSystemPreferences syncWorld
2024-10-23 00:11:22,743 [ERROR] LogOutputStream:75 - [STDERR_REDIRECT] WARNING: Couldn't flush system prefs: java.util.prefs.BackingStoreException: Couldn't get file lock.
2024-10-23 00:11:22,743 [ERROR] LogOutputStream:75 - [STDERR_REDIRECT] 
2024-10-23 00:11:52,743 [ERROR] LogOutputStream:75 - [STDERR_REDIRECT] Oct 23, 2024 12:11:52 AM java.util.prefs.FileSystemPreferences checkLockFile0ErrorCode
2024-10-23 00:11:52,743 [ERROR] LogOutputStream:75 - [STDERR_REDIRECT] WARNING: Could not lock System prefs. Unix error code 2.
2024-10-23 00:11:52,743 [ERROR] LogOutputStream:75 - [STDERR_REDIRECT] 
2024-10-23 00:11:52,743 [ERROR] LogOutputStream:75 - [STDERR_REDIRECT] Oct 23, 2024 12:11:52 AM java.util.prefs.FileSystemPreferences syncWorld
2024-10-23 00:11:52,743 [ERROR] LogOutputStream:75 - [STDERR_REDIRECT] WARNING: Couldn't flush system prefs: java.util.prefs.BackingStoreException: Couldn't get file lock.
2024-10-23 00:11:52,743 [ERROR] LogOutputStream:75 - [STDERR_REDIRECT] 
2024-10-23 00:12:22,743 [ERROR] LogOutputStream:75 - [STDERR_REDIRECT] Oct 23, 2024 12:12:22 AM java.util.prefs.FileSystemPreferences checkLockFile0ErrorCode
2024-10-23 00:12:22,743 [ERROR] LogOutputStream:75 - [STDERR_REDIRECT] WARNING: Could not lock System prefs. Unix error code 2.
2024-10-23 00:12:22,743 [ERROR] LogOutputStream:75 - [STDERR_REDIRECT] 
2024-10-23 00:12:22,744 [ERROR] LogOutputStream:75 - [STDERR_REDIRECT] Oct 23, 2024 12:12:22 AM java.util.prefs.FileSystemPreferences syncWorld
2024-10-23 00:12:22,744 [ERROR] LogOutputStream:75 - [STDERR_REDIRECT] WARNING: Couldn't flush system prefs: java.util.prefs.BackingStoreException: Couldn't get file lock.
2024-10-23 00:12:22,744 [ERROR] LogOutputStream:75 - [STDERR_REDIRECT] 
2024-10-23 00:12:52,743 [ERROR] LogOutputStream:75 - [STDERR_REDIRECT] Oct 23, 2024 12:12:52 AM java.util.prefs.FileSystemPreferences checkLockFile0ErrorCode
2024-10-23 00:12:52,743 [ERROR] LogOutputStream:75 - [STDERR_REDIRECT] WARNING: Could not lock System prefs. Unix error code 2.
2024-10-23 00:12:52,743 [ERROR] LogOutputStream:75 - [STDERR_REDIRECT] 
2024-10-23 00:12:52,743 [ERROR] LogOutputStream:75 - [STDERR_REDIRECT] Oct 23, 2024 12:12:52 AM java.util.prefs.FileSystemPreferences syncWorld
2024-10-23 00:12:52,743 [ERROR] LogOutputStream:75 - [STDERR_REDIRECT] WARNING: Couldn't flush system prefs: java.util.prefs.BackingStoreException: Couldn't get file lock.
2024-10-23 00:12:52,743 [ERROR] LogOutputStream:75 - [STDERR_REDIRECT] 
2024-10-23 00:13:22,743 [ERROR] LogOutputStream:75 - [STDERR_REDIRECT] Oct 23, 2024 12:13:22 AM java.util.prefs.FileSystemPreferences checkLockFile0ErrorCode
2024-10-23 00:13:22,743 [ERROR] LogOutputStream:75 - [STDERR_REDIRECT] WARNING: Could not lock System prefs. Unix error code 2.
2024-10-23 00:13:22,743 [ERROR] LogOutputStream:75 - [STDERR_REDIRECT] 
2024-10-23 00:13:22,743 [ERROR] LogOutputStream:75 - [STDERR_REDIRECT] Oct 23, 2024 12:13:22 AM java.util.prefs.FileSystemPreferences syncWorld
2024-10-23 00:13:22,743 [ERROR] LogOutputStream:75 - [STDERR_REDIRECT] WARNING: Couldn't flush system prefs: java.util.prefs.BackingStoreException: Couldn't get file lock.
2024-10-23 00:13:22,743 [ERROR] LogOutputStream:75 - [STDERR_REDIRECT] 
2024-10-23 00:13:52,743 [ERROR] LogOutputStream:75 - [STDERR_REDIRECT] Oct 23, 2024 12:13:52 AM java.util.prefs.FileSystemPreferences checkLockFile0ErrorCode
2024-10-23 00:13:52,743 [ERROR] LogOutputStream:75 - [STDERR_REDIRECT] WARNING: Could not lock System prefs. Unix error code 2.
2024-10-23 00:13:52,744 [ERROR] LogOutputStream:75 - [STDERR_REDIRECT] 
2024-10-23 00:13:52,744 [ERROR] LogOutputStream:75 - [STDERR_REDIRECT] Oct 23, 2024 12:13:52 AM java.util.prefs.FileSystemPreferences syncWorld
2024-10-23 00:13:52,744 [ERROR] LogOutputStream:75 - [STDERR_REDIRECT] WARNING: Couldn't flush system prefs: java.util.prefs.BackingStoreException: Couldn't get file lock.
2024-10-23 00:13:52,744 [ERROR] LogOutputStream:75 - [STDERR_REDIRECT] 
2024-10-23 00:14:22,743 [ERROR] LogOutputStream:75 - [STDERR_REDIRECT] Oct 23, 2024 12:14:22 AM java.util.prefs.FileSystemPreferences checkLockFile0ErrorCode
2024-10-23 00:14:22,744 [ERROR] LogOutputStream:75 - [STDERR_REDIRECT] WARNING: Could not lock System prefs. Unix error code 2.
2024-10-23 00:14:22,744 [ERROR] LogOutputStream:75 - [STDERR_REDIRECT] 
2024-10-23 00:14:22,744 [ERROR] LogOutputStream:75 - [STDERR_REDIRECT] Oct 23, 2024 12:14:22 AM java.util.prefs.FileSystemPreferences syncWorld
2024-10-23 00:14:22,744 [ERROR] LogOutputStream:75 - [STDERR_REDIRECT] WARNING: Couldn't flush system prefs: java.util.prefs.BackingStoreException: Couldn't get file lock.
2024-10-23 00:14:22,744 [ERROR] LogOutputStream:75 - [STDERR_REDIRECT] 
2024-10-23 00:14:52,744 [ERROR] LogOutputStream:75 - [STDERR_REDIRECT] Oct 23, 2024 12:14:52 AM java.util.prefs.FileSystemPreferences checkLockFile0ErrorCode
2024-10-23 00:14:52,744 [ERROR] LogOutputStream:75 - [STDERR_REDIRECT] WARNING: Could not lock System prefs. Unix error code 2.
2024-10-23 00:14:52,744 [ERROR] LogOutputStream:75 - [STDERR_REDIRECT] 
2024-10-23 00:14:52,744 [ERROR] LogOutputStream:75 - [STDERR_REDIRECT] Oct 23, 2024 12:14:52 AM java.util.prefs.FileSystemPreferences syncWorld
2024-10-23 00:14:52,744 [ERROR] LogOutputStream:75 - [STDERR_REDIRECT] WARNING: Couldn't flush system prefs: java.util.prefs.BackingStoreException: Couldn't get file lock.
2024-10-23 00:14:52,745 [ERROR] LogOutputStream:75 - [STDERR_REDIRECT] 
2024-10-23 00:15:22,743 [ERROR] LogOutputStream:75 - [STDERR_REDIRECT] Oct 23, 2024 12:15:22 AM java.util.prefs.FileSystemPreferences checkLockFile0ErrorCode
2024-10-23 00:15:22,744 [ERROR] LogOutputStream:75 - [STDERR_REDIRECT] WARNING: Could not lock System prefs. Unix error code 2.
2024-10-23 00:15:22,744 [ERROR] LogOutputStream:75 - [STDERR_REDIRECT] 
2024-10-23 00:15:22,744 [ERROR] LogOutputStream:75 - [STDERR_REDIRECT] Oct 23, 2024 12:15:22 AM java.util.prefs.FileSystemPreferences syncWorld
2024-10-23 00:15:22,744 [ERROR] LogOutputStream:75 - [STDERR_REDIRECT] WARNING: Couldn't flush system prefs: java.util.prefs.BackingStoreException: Couldn't get file lock.
2024-10-23 00:15:22,744 [ERROR] LogOutputStream:75 - [STDERR_REDIRECT] 
2024-10-23 00:15:52,747 [ERROR] LogOutputStream:75 - [STDERR_REDIRECT] Oct 23, 2024 12:15:52 AM java.util.prefs.FileSystemPreferences checkLockFile0ErrorCode
2024-10-23 00:15:52,748 [ERROR] LogOutputStream:75 - [STDERR_REDIRECT] WARNING: Could not lock System prefs. Unix error code 2.
2024-10-23 00:15:52,748 [ERROR] LogOutputStream:75 - [STDERR_REDIRECT] 
2024-10-23 00:15:52,750 [ERROR] LogOutputStream:75 - [STDERR_REDIRECT] Oct 23, 2024 12:15:52 AM java.util.prefs.FileSystemPreferences syncWorld
2024-10-23 00:15:52,750 [ERROR] LogOutputStream:75 - [STDERR_REDIRECT] WARNING: Couldn't flush system prefs: java.util.prefs.BackingStoreException: Couldn't get file lock.
2024-10-23 00:15:52,751 [ERROR] LogOutputStream:75 - [STDERR_REDIRECT] 
2024-10-23 00:16:22,746 [ERROR] LogOutputStream:75 - [STDERR_REDIRECT] Oct 23, 2024 12:16:22 AM java.util.prefs.FileSystemPreferences checkLockFile0ErrorCode
2024-10-23 00:16:22,746 [ERROR] LogOutputStream:75 - [STDERR_REDIRECT] WARNING: Could not lock System prefs. Unix error code 2.
2024-10-23 00:16:22,747 [ERROR] LogOutputStream:75 - [STDERR_REDIRECT] 
2024-10-23 00:16:22,748 [ERROR] LogOutputStream:75 - [STDERR_REDIRECT] Oct 23, 2024 12:16:22 AM java.util.prefs.FileSystemPreferences syncWorld
2024-10-23 00:16:22,748 [ERROR] LogOutputStream:75 - [STDERR_REDIRECT] WARNING: Couldn't flush system prefs: java.util.prefs.BackingStoreException: Couldn't get file lock.
2024-10-23 00:16:22,748 [ERROR] LogOutputStream:75 - [STDERR_REDIRECT] 
2024-10-23 00:16:52,746 [ERROR] LogOutputStream:75 - [STDERR_REDIRECT] Oct 23, 2024 12:16:52 AM java.util.prefs.FileSystemPreferences checkLockFile0ErrorCode
2024-10-23 00:16:52,747 [ERROR] LogOutputStream:75 - [STDERR_REDIRECT] WARNING: Could not lock System prefs. Unix error code 2.
2024-10-23 00:16:52,747 [ERROR] LogOutputStream:75 - [STDERR_REDIRECT] 
2024-10-23 00:16:52,747 [ERROR] LogOutputStream:75 - [STDERR_REDIRECT] Oct 23, 2024 12:16:52 AM java.util.prefs.FileSystemPreferences syncWorld
2024-10-23 00:16:52,748 [ERROR] LogOutputStream:75 - [STDERR_REDIRECT] WARNING: Couldn't flush system prefs: java.util.prefs.BackingStoreException: Couldn't get file lock.
2024-10-23 00:16:52,748 [ERROR] LogOutputStream:75 - [STDERR_REDIRECT] 
2024-10-23 00:17:22,745 [ERROR] LogOutputStream:75 - [STDERR_REDIRECT] Oct 23, 2024 12:17:22 AM java.util.prefs.FileSystemPreferences checkLockFile0ErrorCode
2024-10-23 00:17:22,746 [ERROR] LogOutputStream:75 - [STDERR_REDIRECT] WARNING: Could not lock System prefs. Unix error code 2.
2024-10-23 00:17:22,746 [ERROR] LogOutputStream:75 - [STDERR_REDIRECT] 
2024-10-23 00:17:22,746 [ERROR] LogOutputStream:75 - [STDERR_REDIRECT] Oct 23, 2024 12:17:22 AM java.util.prefs.FileSystemPreferences syncWorld
2024-10-23 00:17:22,746 [ERROR] LogOutputStream:75 - [STDERR_REDIRECT] WARNING: Couldn't flush system prefs: java.util.prefs.BackingStoreException: Couldn't get file lock.
2024-10-23 00:17:22,747 [ERROR] LogOutputStream:75 - [STDERR_REDIRECT] 
2024-10-23 00:17:52,745 [ERROR] LogOutputStream:75 - [STDERR_REDIRECT] Oct 23, 2024 12:17:52 AM java.util.prefs.FileSystemPreferences checkLockFile0ErrorCode
2024-10-23 00:17:52,746 [ERROR] LogOutputStream:75 - [STDERR_REDIRECT] WARNING: Could not lock System prefs. Unix error code 2.
2024-10-23 00:17:52,746 [ERROR] LogOutputStream:75 - [STDERR_REDIRECT] 
2024-10-23 00:17:52,747 [ERROR] LogOutputStream:75 - [STDERR_REDIRECT] Oct 23, 2024 12:17:52 AM java.util.prefs.FileSystemPreferences syncWorld
2024-10-23 00:17:52,747 [ERROR] LogOutputStream:75 - [STDERR_REDIRECT] WARNING: Couldn't flush system prefs: java.util.prefs.BackingStoreException: Couldn't get file lock.
2024-10-23 00:17:52,747 [ERROR] LogOutputStream:75 - [STDERR_REDIRECT] 
2024-10-23 00:18:22,746 [ERROR] LogOutputStream:75 - [STDERR_REDIRECT] Oct 23, 2024 12:18:22 AM java.util.prefs.FileSystemPreferences checkLockFile0ErrorCode
2024-10-23 00:18:22,747 [ERROR] LogOutputStream:75 - [STDERR_REDIRECT] WARNING: Could not lock System prefs. Unix error code 2.
2024-10-23 00:18:22,747 [ERROR] LogOutputStream:75 - [STDERR_REDIRECT] 
2024-10-23 00:18:22,747 [ERROR] LogOutputStream:75 - [STDERR_REDIRECT] Oct 23, 2024 12:18:22 AM java.util.prefs.FileSystemPreferences syncWorld
2024-10-23 00:18:22,748 [ERROR] LogOutputStream:75 - [STDERR_REDIRECT] WARNING: Couldn't flush system prefs: java.util.prefs.BackingStoreException: Couldn't get file lock.
2024-10-23 00:18:22,748 [ERROR] LogOutputStream:75 - [STDERR_REDIRECT] 
2024-10-23 00:18:52,747 [ERROR] LogOutputStream:75 - [STDERR_REDIRECT] Oct 23, 2024 12:18:52 AM java.util.prefs.FileSystemPreferences checkLockFile0ErrorCode
2024-10-23 00:18:52,747 [ERROR] LogOutputStream:75 - [STDERR_REDIRECT] WARNING: Could not lock System prefs. Unix error code 2.
2024-10-23 00:18:52,747 [ERROR] LogOutputStream:75 - [STDERR_REDIRECT] 
2024-10-23 00:18:52,748 [ERROR] LogOutputStream:75 - [STDERR_REDIRECT] Oct 23, 2024 12:18:52 AM java.util.prefs.FileSystemPreferences syncWorld
2024-10-23 00:18:52,748 [ERROR] LogOutputStream:75 - [STDERR_REDIRECT] WARNING: Couldn't flush system prefs: java.util.prefs.BackingStoreException: Couldn't get file lock.
2024-10-23 00:18:52,748 [ERROR] LogOutputStream:75 - [STDERR_REDIRECT] 
2024-10-23 00:19:22,747 [ERROR] LogOutputStream:75 - [STDERR_REDIRECT] Oct 23, 2024 12:19:22 AM java.util.prefs.FileSystemPreferences checkLockFile0ErrorCode
2024-10-23 00:19:22,747 [ERROR] LogOutputStream:75 - [STDERR_REDIRECT] WARNING: Could not lock System prefs. Unix error code 2.
2024-10-23 00:19:22,748 [ERROR] LogOutputStream:75 - [STDERR_REDIRECT] 
2024-10-23 00:19:22,749 [ERROR] LogOutputStream:75 - [STDERR_REDIRECT] Oct 23, 2024 12:19:22 AM java.util.prefs.FileSystemPreferences syncWorld
2024-10-23 00:19:22,749 [ERROR] LogOutputStream:75 - [STDERR_REDIRECT] WARNING: Couldn't flush system prefs: java.util.prefs.BackingStoreException: Couldn't get file lock.
2024-10-23 00:19:22,749 [ERROR] LogOutputStream:75 - [STDERR_REDIRECT] 
2024-10-23 00:19:52,747 [ERROR] LogOutputStream:75 - [STDERR_REDIRECT] Oct 23, 2024 12:19:52 AM java.util.prefs.FileSystemPreferences checkLockFile0ErrorCode
2024-10-23 00:19:52,747 [ERROR] LogOutputStream:75 - [STDERR_REDIRECT] WARNING: Could not lock System prefs. Unix error code 2.
2024-10-23 00:19:52,747 [ERROR] LogOutputStream:75 - [STDERR_REDIRECT] 
2024-10-23 00:19:52,748 [ERROR] LogOutputStream:75 - [STDERR_REDIRECT] Oct 23, 2024 12:19:52 AM java.util.prefs.FileSystemPreferences syncWorld
2024-10-23 00:19:52,749 [ERROR] LogOutputStream:75 - [STDERR_REDIRECT] WARNING: Couldn't flush system prefs: java.util.prefs.BackingStoreException: Couldn't get file lock.
2024-10-23 00:19:52,749 [ERROR] LogOutputStream:75 - [STDERR_REDIRECT] 
2024-10-23 00:20:22,748 [ERROR] LogOutputStream:75 - [STDERR_REDIRECT] Oct 23, 2024 12:20:22 AM java.util.prefs.FileSystemPreferences checkLockFile0ErrorCode
2024-10-23 00:20:22,748 [ERROR] LogOutputStream:75 - [STDERR_REDIRECT] WARNING: Could not lock System prefs. Unix error code 2.
2024-10-23 00:20:22,748 [ERROR] LogOutputStream:75 - [STDERR_REDIRECT] 
2024-10-23 00:20:22,749 [ERROR] LogOutputStream:75 - [STDERR_REDIRECT] Oct 23, 2024 12:20:22 AM java.util.prefs.FileSystemPreferences syncWorld
2024-10-23 00:20:22,750 [ERROR] LogOutputStream:75 - [STDERR_REDIRECT] WARNING: Couldn't flush system prefs: java.util.prefs.BackingStoreException: Couldn't get file lock.
2024-10-23 00:20:22,751 [ERROR] LogOutputStream:75 - [STDERR_REDIRECT] 
2024-10-23 00:20:52,751 [ERROR] LogOutputStream:75 - [STDERR_REDIRECT] Oct 23, 2024 12:20:52 AM java.util.prefs.FileSystemPreferences checkLockFile0ErrorCode
2024-10-23 00:20:52,751 [ERROR] LogOutputStream:75 - [STDERR_REDIRECT] WARNING: Could not lock System prefs. Unix error code 2.
2024-10-23 00:20:52,751 [ERROR] LogOutputStream:75 - [STDERR_REDIRECT] 
2024-10-23 00:20:52,752 [ERROR] LogOutputStream:75 - [STDERR_REDIRECT] Oct 23, 2024 12:20:52 AM java.util.prefs.FileSystemPreferences syncWorld
2024-10-23 00:20:52,753 [ERROR] LogOutputStream:75 - [STDERR_REDIRECT] WARNING: Couldn't flush system prefs: java.util.prefs.BackingStoreException: Couldn't get file lock.
2024-10-23 00:20:52,753 [ERROR] LogOutputStream:75 - [STDERR_REDIRECT] 
2024-10-23 00:21:14,546 [ERROR] LogOutputStream:75 - [STDERR_REDIRECT] 
2024-10-23 00:21:14,550 [ERROR] LogOutputStream:75 - [STDERR_REDIRECT] 
