2024-09-21 00:00:19,047 [ERROR] LogOutputStream:75 - [STDERR_REDIRECT] Sep 21, 2024 12:00:19 AM java.util.prefs.FileSystemPreferences checkLockFile0ErrorCode
2024-09-21 00:00:19,053 [ERROR] LogOutputStream:75 - [STDERR_REDIRECT] WARNING: Could not lock System prefs. Unix error code 2.
2024-09-21 00:00:19,054 [ERROR] LogOutputStream:75 - [STDERR_REDIRECT] 
2024-09-21 00:00:19,054 [ERROR] LogOutputStream:75 - [STDERR_REDIRECT] Sep 21, 2024 12:00:19 AM java.util.prefs.FileSystemPreferences syncWorld
2024-09-21 00:00:19,054 [ERROR] LogOutputStream:75 - [STDERR_REDIRECT] WARNING: Couldn't flush system prefs: java.util.prefs.BackingStoreException: Couldn't get file lock.
2024-09-21 00:00:19,054 [ERROR] LogOutputStream:75 - [STDERR_REDIRECT] 
2024-09-21 00:00:49,047 [ERROR] LogOutputStream:75 - [STDERR_REDIRECT] Sep 21, 2024 12:00:49 AM java.util.prefs.FileSystemPreferences checkLockFile0ErrorCode
2024-09-21 00:00:49,048 [ERROR] LogOutputStream:75 - [STDERR_REDIRECT] WARNING: Could not lock System prefs. Unix error code 2.
2024-09-21 00:00:49,048 [ERROR] LogOutputStream:75 - [STDERR_REDIRECT] 
2024-09-21 00:00:49,048 [ERROR] LogOutputStream:75 - [STDERR_REDIRECT] Sep 21, 2024 12:00:49 AM java.util.prefs.FileSystemPreferences syncWorld
2024-09-21 00:00:49,048 [ERROR] LogOutputStream:75 - [STDERR_REDIRECT] WARNING: Couldn't flush system prefs: java.util.prefs.BackingStoreException: Couldn't get file lock.
2024-09-21 00:00:49,048 [ERROR] LogOutputStream:75 - [STDERR_REDIRECT] 
2024-09-21 00:01:19,047 [ERROR] LogOutputStream:75 - [STDERR_REDIRECT] Sep 21, 2024 12:01:19 AM java.util.prefs.FileSystemPreferences checkLockFile0ErrorCode
2024-09-21 00:01:19,047 [ERROR] LogOutputStream:75 - [STDERR_REDIRECT] WARNING: Could not lock System prefs. Unix error code 2.
2024-09-21 00:01:19,047 [ERROR] LogOutputStream:75 - [STDERR_REDIRECT] 
2024-09-21 00:01:19,048 [ERROR] LogOutputStream:75 - [STDERR_REDIRECT] Sep 21, 2024 12:01:19 AM java.util.prefs.FileSystemPreferences syncWorld
2024-09-21 00:01:19,048 [ERROR] LogOutputStream:75 - [STDERR_REDIRECT] WARNING: Couldn't flush system prefs: java.util.prefs.BackingStoreException: Couldn't get file lock.
2024-09-21 00:01:19,048 [ERROR] LogOutputStream:75 - [STDERR_REDIRECT] 
2024-09-21 00:01:49,047 [ERROR] LogOutputStream:75 - [STDERR_REDIRECT] Sep 21, 2024 12:01:49 AM java.util.prefs.FileSystemPreferences checkLockFile0ErrorCode
2024-09-21 00:01:49,047 [ERROR] LogOutputStream:75 - [STDERR_REDIRECT] WARNING: Could not lock System prefs. Unix error code 2.
2024-09-21 00:01:49,047 [ERROR] LogOutputStream:75 - [STDERR_REDIRECT] 
2024-09-21 00:01:49,047 [ERROR] LogOutputStream:75 - [STDERR_REDIRECT] Sep 21, 2024 12:01:49 AM java.util.prefs.FileSystemPreferences syncWorld
2024-09-21 00:01:49,047 [ERROR] LogOutputStream:75 - [STDERR_REDIRECT] WARNING: Couldn't flush system prefs: java.util.prefs.BackingStoreException: Couldn't get file lock.
2024-09-21 00:01:49,048 [ERROR] LogOutputStream:75 - [STDERR_REDIRECT] 
2024-09-21 00:02:19,046 [ERROR] LogOutputStream:75 - [STDERR_REDIRECT] Sep 21, 2024 12:02:19 AM java.util.prefs.FileSystemPreferences checkLockFile0ErrorCode
2024-09-21 00:02:19,047 [ERROR] LogOutputStream:75 - [STDERR_REDIRECT] WARNING: Could not lock System prefs. Unix error code 2.
2024-09-21 00:02:19,047 [ERROR] LogOutputStream:75 - [STDERR_REDIRECT] 
2024-09-21 00:02:19,047 [ERROR] LogOutputStream:75 - [STDERR_REDIRECT] Sep 21, 2024 12:02:19 AM java.util.prefs.FileSystemPreferences syncWorld
2024-09-21 00:02:19,047 [ERROR] LogOutputStream:75 - [STDERR_REDIRECT] WARNING: Couldn't flush system prefs: java.util.prefs.BackingStoreException: Couldn't get file lock.
2024-09-21 00:02:19,047 [ERROR] LogOutputStream:75 - [STDERR_REDIRECT] 
2024-09-21 00:02:49,047 [ERROR] LogOutputStream:75 - [STDERR_REDIRECT] Sep 21, 2024 12:02:49 AM java.util.prefs.FileSystemPreferences checkLockFile0ErrorCode
2024-09-21 00:02:49,047 [ERROR] LogOutputStream:75 - [STDERR_REDIRECT] WARNING: Could not lock System prefs. Unix error code 2.
2024-09-21 00:02:49,047 [ERROR] LogOutputStream:75 - [STDERR_REDIRECT] 
2024-09-21 00:02:49,047 [ERROR] LogOutputStream:75 - [STDERR_REDIRECT] Sep 21, 2024 12:02:49 AM java.util.prefs.FileSystemPreferences syncWorld
2024-09-21 00:02:49,047 [ERROR] LogOutputStream:75 - [STDERR_REDIRECT] WARNING: Couldn't flush system prefs: java.util.prefs.BackingStoreException: Couldn't get file lock.
2024-09-21 00:02:49,047 [ERROR] LogOutputStream:75 - [STDERR_REDIRECT] 
2024-09-21 00:03:19,047 [ERROR] LogOutputStream:75 - [STDERR_REDIRECT] Sep 21, 2024 12:03:19 AM java.util.prefs.FileSystemPreferences checkLockFile0ErrorCode
2024-09-21 00:03:19,048 [ERROR] LogOutputStream:75 - [STDERR_REDIRECT] WARNING: Could not lock System prefs. Unix error code 2.
2024-09-21 00:03:19,048 [ERROR] LogOutputStream:75 - [STDERR_REDIRECT] 
2024-09-21 00:03:19,048 [ERROR] LogOutputStream:75 - [STDERR_REDIRECT] Sep 21, 2024 12:03:19 AM java.util.prefs.FileSystemPreferences syncWorld
2024-09-21 00:03:19,048 [ERROR] LogOutputStream:75 - [STDERR_REDIRECT] WARNING: Couldn't flush system prefs: java.util.prefs.BackingStoreException: Couldn't get file lock.
2024-09-21 00:03:19,048 [ERROR] LogOutputStream:75 - [STDERR_REDIRECT] 
2024-09-21 00:03:49,048 [ERROR] LogOutputStream:75 - [STDERR_REDIRECT] Sep 21, 2024 12:03:49 AM java.util.prefs.FileSystemPreferences checkLockFile0ErrorCode
2024-09-21 00:03:49,048 [ERROR] LogOutputStream:75 - [STDERR_REDIRECT] WARNING: Could not lock System prefs. Unix error code 2.
2024-09-21 00:03:49,048 [ERROR] LogOutputStream:75 - [STDERR_REDIRECT] 
2024-09-21 00:03:49,049 [ERROR] LogOutputStream:75 - [STDERR_REDIRECT] Sep 21, 2024 12:03:49 AM java.util.prefs.FileSystemPreferences syncWorld
2024-09-21 00:03:49,049 [ERROR] LogOutputStream:75 - [STDERR_REDIRECT] WARNING: Couldn't flush system prefs: java.util.prefs.BackingStoreException: Couldn't get file lock.
2024-09-21 00:03:49,049 [ERROR] LogOutputStream:75 - [STDERR_REDIRECT] 
2024-09-21 00:04:19,048 [ERROR] LogOutputStream:75 - [STDERR_REDIRECT] Sep 21, 2024 12:04:19 AM java.util.prefs.FileSystemPreferences checkLockFile0ErrorCode
2024-09-21 00:04:19,048 [ERROR] LogOutputStream:75 - [STDERR_REDIRECT] WARNING: Could not lock System prefs. Unix error code 2.
2024-09-21 00:04:19,048 [ERROR] LogOutputStream:75 - [STDERR_REDIRECT] 
2024-09-21 00:04:19,048 [ERROR] LogOutputStream:75 - [STDERR_REDIRECT] Sep 21, 2024 12:04:19 AM java.util.prefs.FileSystemPreferences syncWorld
2024-09-21 00:04:19,048 [ERROR] LogOutputStream:75 - [STDERR_REDIRECT] WARNING: Couldn't flush system prefs: java.util.prefs.BackingStoreException: Couldn't get file lock.
2024-09-21 00:04:19,048 [ERROR] LogOutputStream:75 - [STDERR_REDIRECT] 
2024-09-21 00:04:49,048 [ERROR] LogOutputStream:75 - [STDERR_REDIRECT] Sep 21, 2024 12:04:49 AM java.util.prefs.FileSystemPreferences checkLockFile0ErrorCode
2024-09-21 00:04:49,048 [ERROR] LogOutputStream:75 - [STDERR_REDIRECT] WARNING: Could not lock System prefs. Unix error code 2.
2024-09-21 00:04:49,048 [ERROR] LogOutputStream:75 - [STDERR_REDIRECT] 
2024-09-21 00:04:49,049 [ERROR] LogOutputStream:75 - [STDERR_REDIRECT] Sep 21, 2024 12:04:49 AM java.util.prefs.FileSystemPreferences syncWorld
2024-09-21 00:04:49,049 [ERROR] LogOutputStream:75 - [STDERR_REDIRECT] WARNING: Couldn't flush system prefs: java.util.prefs.BackingStoreException: Couldn't get file lock.
2024-09-21 00:04:49,049 [ERROR] LogOutputStream:75 - [STDERR_REDIRECT] 
2024-09-21 00:05:19,048 [ERROR] LogOutputStream:75 - [STDERR_REDIRECT] Sep 21, 2024 12:05:19 AM java.util.prefs.FileSystemPreferences checkLockFile0ErrorCode
2024-09-21 00:05:19,048 [ERROR] LogOutputStream:75 - [STDERR_REDIRECT] WARNING: Could not lock System prefs. Unix error code 2.
2024-09-21 00:05:19,049 [ERROR] LogOutputStream:75 - [STDERR_REDIRECT] 
2024-09-21 00:05:19,049 [ERROR] LogOutputStream:75 - [STDERR_REDIRECT] Sep 21, 2024 12:05:19 AM java.util.prefs.FileSystemPreferences syncWorld
2024-09-21 00:05:19,049 [ERROR] LogOutputStream:75 - [STDERR_REDIRECT] WARNING: Couldn't flush system prefs: java.util.prefs.BackingStoreException: Couldn't get file lock.
2024-09-21 00:05:19,049 [ERROR] LogOutputStream:75 - [STDERR_REDIRECT] 
2024-09-21 00:05:49,048 [ERROR] LogOutputStream:75 - [STDERR_REDIRECT] Sep 21, 2024 12:05:49 AM java.util.prefs.FileSystemPreferences checkLockFile0ErrorCode
2024-09-21 00:05:49,048 [ERROR] LogOutputStream:75 - [STDERR_REDIRECT] WARNING: Could not lock System prefs. Unix error code 2.
2024-09-21 00:05:49,048 [ERROR] LogOutputStream:75 - [STDERR_REDIRECT] 
2024-09-21 00:05:49,048 [ERROR] LogOutputStream:75 - [STDERR_REDIRECT] Sep 21, 2024 12:05:49 AM java.util.prefs.FileSystemPreferences syncWorld
2024-09-21 00:05:49,048 [ERROR] LogOutputStream:75 - [STDERR_REDIRECT] WARNING: Couldn't flush system prefs: java.util.prefs.BackingStoreException: Couldn't get file lock.
2024-09-21 00:05:49,048 [ERROR] LogOutputStream:75 - [STDERR_REDIRECT] 
2024-09-21 00:06:19,047 [ERROR] LogOutputStream:75 - [STDERR_REDIRECT] Sep 21, 2024 12:06:19 AM java.util.prefs.FileSystemPreferences checkLockFile0ErrorCode
2024-09-21 00:06:19,048 [ERROR] LogOutputStream:75 - [STDERR_REDIRECT] WARNING: Could not lock System prefs. Unix error code 2.
2024-09-21 00:06:19,048 [ERROR] LogOutputStream:75 - [STDERR_REDIRECT] 
2024-09-21 00:06:19,048 [ERROR] LogOutputStream:75 - [STDERR_REDIRECT] Sep 21, 2024 12:06:19 AM java.util.prefs.FileSystemPreferences syncWorld
2024-09-21 00:06:19,048 [ERROR] LogOutputStream:75 - [STDERR_REDIRECT] WARNING: Couldn't flush system prefs: java.util.prefs.BackingStoreException: Couldn't get file lock.
2024-09-21 00:06:19,048 [ERROR] LogOutputStream:75 - [STDERR_REDIRECT] 
2024-09-21 00:06:49,048 [ERROR] LogOutputStream:75 - [STDERR_REDIRECT] Sep 21, 2024 12:06:49 AM java.util.prefs.FileSystemPreferences checkLockFile0ErrorCode
2024-09-21 00:06:49,048 [ERROR] LogOutputStream:75 - [STDERR_REDIRECT] WARNING: Could not lock System prefs. Unix error code 2.
2024-09-21 00:06:49,048 [ERROR] LogOutputStream:75 - [STDERR_REDIRECT] 
2024-09-21 00:06:49,048 [ERROR] LogOutputStream:75 - [STDERR_REDIRECT] Sep 21, 2024 12:06:49 AM java.util.prefs.FileSystemPreferences syncWorld
2024-09-21 00:06:49,048 [ERROR] LogOutputStream:75 - [STDERR_REDIRECT] WARNING: Couldn't flush system prefs: java.util.prefs.BackingStoreException: Couldn't get file lock.
2024-09-21 00:06:49,048 [ERROR] LogOutputStream:75 - [STDERR_REDIRECT] 
2024-09-21 00:07:19,048 [ERROR] LogOutputStream:75 - [STDERR_REDIRECT] Sep 21, 2024 12:07:19 AM java.util.prefs.FileSystemPreferences checkLockFile0ErrorCode
2024-09-21 00:07:19,048 [ERROR] LogOutputStream:75 - [STDERR_REDIRECT] WARNING: Could not lock System prefs. Unix error code 2.
2024-09-21 00:07:19,048 [ERROR] LogOutputStream:75 - [STDERR_REDIRECT] 
2024-09-21 00:07:19,048 [ERROR] LogOutputStream:75 - [STDERR_REDIRECT] Sep 21, 2024 12:07:19 AM java.util.prefs.FileSystemPreferences syncWorld
2024-09-21 00:07:19,049 [ERROR] LogOutputStream:75 - [STDERR_REDIRECT] WARNING: Couldn't flush system prefs: java.util.prefs.BackingStoreException: Couldn't get file lock.
2024-09-21 00:07:19,049 [ERROR] LogOutputStream:75 - [STDERR_REDIRECT] 
2024-09-21 00:07:49,048 [ERROR] LogOutputStream:75 - [STDERR_REDIRECT] Sep 21, 2024 12:07:49 AM java.util.prefs.FileSystemPreferences checkLockFile0ErrorCode
2024-09-21 00:07:49,048 [ERROR] LogOutputStream:75 - [STDERR_REDIRECT] WARNING: Could not lock System prefs. Unix error code 2.
2024-09-21 00:07:49,048 [ERROR] LogOutputStream:75 - [STDERR_REDIRECT] 
2024-09-21 00:07:49,048 [ERROR] LogOutputStream:75 - [STDERR_REDIRECT] Sep 21, 2024 12:07:49 AM java.util.prefs.FileSystemPreferences syncWorld
2024-09-21 00:07:49,048 [ERROR] LogOutputStream:75 - [STDERR_REDIRECT] WARNING: Couldn't flush system prefs: java.util.prefs.BackingStoreException: Couldn't get file lock.
2024-09-21 00:07:49,048 [ERROR] LogOutputStream:75 - [STDERR_REDIRECT] 
2024-09-21 00:08:19,048 [ERROR] LogOutputStream:75 - [STDERR_REDIRECT] Sep 21, 2024 12:08:19 AM java.util.prefs.FileSystemPreferences checkLockFile0ErrorCode
2024-09-21 00:08:19,048 [ERROR] LogOutputStream:75 - [STDERR_REDIRECT] WARNING: Could not lock System prefs. Unix error code 2.
2024-09-21 00:08:19,048 [ERROR] LogOutputStream:75 - [STDERR_REDIRECT] 
2024-09-21 00:08:19,048 [ERROR] LogOutputStream:75 - [STDERR_REDIRECT] Sep 21, 2024 12:08:19 AM java.util.prefs.FileSystemPreferences syncWorld
2024-09-21 00:08:19,049 [ERROR] LogOutputStream:75 - [STDERR_REDIRECT] WARNING: Couldn't flush system prefs: java.util.prefs.BackingStoreException: Couldn't get file lock.
2024-09-21 00:08:19,049 [ERROR] LogOutputStream:75 - [STDERR_REDIRECT] 
2024-09-21 00:08:49,048 [ERROR] LogOutputStream:75 - [STDERR_REDIRECT] Sep 21, 2024 12:08:49 AM java.util.prefs.FileSystemPreferences checkLockFile0ErrorCode
2024-09-21 00:08:49,048 [ERROR] LogOutputStream:75 - [STDERR_REDIRECT] WARNING: Could not lock System prefs. Unix error code 2.
2024-09-21 00:08:49,048 [ERROR] LogOutputStream:75 - [STDERR_REDIRECT] 
2024-09-21 00:08:49,048 [ERROR] LogOutputStream:75 - [STDERR_REDIRECT] Sep 21, 2024 12:08:49 AM java.util.prefs.FileSystemPreferences syncWorld
2024-09-21 00:08:49,048 [ERROR] LogOutputStream:75 - [STDERR_REDIRECT] WARNING: Couldn't flush system prefs: java.util.prefs.BackingStoreException: Couldn't get file lock.
2024-09-21 00:08:49,048 [ERROR] LogOutputStream:75 - [STDERR_REDIRECT] 
2024-09-21 00:09:19,048 [ERROR] LogOutputStream:75 - [STDERR_REDIRECT] Sep 21, 2024 12:09:19 AM java.util.prefs.FileSystemPreferences checkLockFile0ErrorCode
2024-09-21 00:09:19,048 [ERROR] LogOutputStream:75 - [STDERR_REDIRECT] WARNING: Could not lock System prefs. Unix error code 2.
2024-09-21 00:09:19,048 [ERROR] LogOutputStream:75 - [STDERR_REDIRECT] 
2024-09-21 00:09:19,048 [ERROR] LogOutputStream:75 - [STDERR_REDIRECT] Sep 21, 2024 12:09:19 AM java.util.prefs.FileSystemPreferences syncWorld
2024-09-21 00:09:19,048 [ERROR] LogOutputStream:75 - [STDERR_REDIRECT] WARNING: Couldn't flush system prefs: java.util.prefs.BackingStoreException: Couldn't get file lock.
2024-09-21 00:09:19,049 [ERROR] LogOutputStream:75 - [STDERR_REDIRECT] 
2024-09-21 00:09:49,047 [ERROR] LogOutputStream:75 - [STDERR_REDIRECT] Sep 21, 2024 12:09:49 AM java.util.prefs.FileSystemPreferences checkLockFile0ErrorCode
2024-09-21 00:09:49,048 [ERROR] LogOutputStream:75 - [STDERR_REDIRECT] WARNING: Could not lock System prefs. Unix error code 2.
2024-09-21 00:09:49,048 [ERROR] LogOutputStream:75 - [STDERR_REDIRECT] 
2024-09-21 00:09:49,048 [ERROR] LogOutputStream:75 - [STDERR_REDIRECT] Sep 21, 2024 12:09:49 AM java.util.prefs.FileSystemPreferences syncWorld
2024-09-21 00:09:49,048 [ERROR] LogOutputStream:75 - [STDERR_REDIRECT] WARNING: Couldn't flush system prefs: java.util.prefs.BackingStoreException: Couldn't get file lock.
2024-09-21 00:09:49,048 [ERROR] LogOutputStream:75 - [STDERR_REDIRECT] 
2024-09-21 00:10:19,048 [ERROR] LogOutputStream:75 - [STDERR_REDIRECT] Sep 21, 2024 12:10:19 AM java.util.prefs.FileSystemPreferences checkLockFile0ErrorCode
2024-09-21 00:10:19,048 [ERROR] LogOutputStream:75 - [STDERR_REDIRECT] WARNING: Could not lock System prefs. Unix error code 2.
2024-09-21 00:10:19,048 [ERROR] LogOutputStream:75 - [STDERR_REDIRECT] 
2024-09-21 00:10:19,048 [ERROR] LogOutputStream:75 - [STDERR_REDIRECT] Sep 21, 2024 12:10:19 AM java.util.prefs.FileSystemPreferences syncWorld
2024-09-21 00:10:19,048 [ERROR] LogOutputStream:75 - [STDERR_REDIRECT] WARNING: Couldn't flush system prefs: java.util.prefs.BackingStoreException: Couldn't get file lock.
2024-09-21 00:10:19,048 [ERROR] LogOutputStream:75 - [STDERR_REDIRECT] 
2024-09-21 00:10:49,048 [ERROR] LogOutputStream:75 - [STDERR_REDIRECT] Sep 21, 2024 12:10:49 AM java.util.prefs.FileSystemPreferences checkLockFile0ErrorCode
2024-09-21 00:10:49,048 [ERROR] LogOutputStream:75 - [STDERR_REDIRECT] WARNING: Could not lock System prefs. Unix error code 2.
2024-09-21 00:10:49,049 [ERROR] LogOutputStream:75 - [STDERR_REDIRECT] 
2024-09-21 00:10:49,049 [ERROR] LogOutputStream:75 - [STDERR_REDIRECT] Sep 21, 2024 12:10:49 AM java.util.prefs.FileSystemPreferences syncWorld
2024-09-21 00:10:49,049 [ERROR] LogOutputStream:75 - [STDERR_REDIRECT] WARNING: Couldn't flush system prefs: java.util.prefs.BackingStoreException: Couldn't get file lock.
2024-09-21 00:10:49,049 [ERROR] LogOutputStream:75 - [STDERR_REDIRECT] 
2024-09-21 00:11:19,049 [ERROR] LogOutputStream:75 - [STDERR_REDIRECT] Sep 21, 2024 12:11:19 AM java.util.prefs.FileSystemPreferences checkLockFile0ErrorCode
2024-09-21 00:11:19,049 [ERROR] LogOutputStream:75 - [STDERR_REDIRECT] WARNING: Could not lock System prefs. Unix error code 2.
2024-09-21 00:11:19,049 [ERROR] LogOutputStream:75 - [STDERR_REDIRECT] 
2024-09-21 00:11:19,049 [ERROR] LogOutputStream:75 - [STDERR_REDIRECT] Sep 21, 2024 12:11:19 AM java.util.prefs.FileSystemPreferences syncWorld
2024-09-21 00:11:19,049 [ERROR] LogOutputStream:75 - [STDERR_REDIRECT] WARNING: Couldn't flush system prefs: java.util.prefs.BackingStoreException: Couldn't get file lock.
2024-09-21 00:11:19,049 [ERROR] LogOutputStream:75 - [STDERR_REDIRECT] 
2024-09-21 00:11:49,049 [ERROR] LogOutputStream:75 - [STDERR_REDIRECT] Sep 21, 2024 12:11:49 AM java.util.prefs.FileSystemPreferences checkLockFile0ErrorCode
2024-09-21 00:11:49,049 [ERROR] LogOutputStream:75 - [STDERR_REDIRECT] WARNING: Could not lock System prefs. Unix error code 2.
2024-09-21 00:11:49,049 [ERROR] LogOutputStream:75 - [STDERR_REDIRECT] 
2024-09-21 00:11:49,050 [ERROR] LogOutputStream:75 - [STDERR_REDIRECT] Sep 21, 2024 12:11:49 AM java.util.prefs.FileSystemPreferences syncWorld
2024-09-21 00:11:49,050 [ERROR] LogOutputStream:75 - [STDERR_REDIRECT] WARNING: Couldn't flush system prefs: java.util.prefs.BackingStoreException: Couldn't get file lock.
2024-09-21 00:11:49,050 [ERROR] LogOutputStream:75 - [STDERR_REDIRECT] 
2024-09-21 00:12:19,050 [ERROR] LogOutputStream:75 - [STDERR_REDIRECT] Sep 21, 2024 12:12:19 AM java.util.prefs.FileSystemPreferences checkLockFile0ErrorCode
2024-09-21 00:12:19,050 [ERROR] LogOutputStream:75 - [STDERR_REDIRECT] WARNING: Could not lock System prefs. Unix error code 2.
2024-09-21 00:12:19,050 [ERROR] LogOutputStream:75 - [STDERR_REDIRECT] 
2024-09-21 00:12:19,050 [ERROR] LogOutputStream:75 - [STDERR_REDIRECT] Sep 21, 2024 12:12:19 AM java.util.prefs.FileSystemPreferences syncWorld
2024-09-21 00:12:19,050 [ERROR] LogOutputStream:75 - [STDERR_REDIRECT] WARNING: Couldn't flush system prefs: java.util.prefs.BackingStoreException: Couldn't get file lock.
2024-09-21 00:12:19,050 [ERROR] LogOutputStream:75 - [STDERR_REDIRECT] 
2024-09-21 00:12:49,050 [ERROR] LogOutputStream:75 - [STDERR_REDIRECT] Sep 21, 2024 12:12:49 AM java.util.prefs.FileSystemPreferences checkLockFile0ErrorCode
2024-09-21 00:12:49,050 [ERROR] LogOutputStream:75 - [STDERR_REDIRECT] WARNING: Could not lock System prefs. Unix error code 2.
2024-09-21 00:12:49,050 [ERROR] LogOutputStream:75 - [STDERR_REDIRECT] 
2024-09-21 00:12:49,050 [ERROR] LogOutputStream:75 - [STDERR_REDIRECT] Sep 21, 2024 12:12:49 AM java.util.prefs.FileSystemPreferences syncWorld
2024-09-21 00:12:49,050 [ERROR] LogOutputStream:75 - [STDERR_REDIRECT] WARNING: Couldn't flush system prefs: java.util.prefs.BackingStoreException: Couldn't get file lock.
2024-09-21 00:12:49,050 [ERROR] LogOutputStream:75 - [STDERR_REDIRECT] 
2024-09-21 00:13:19,050 [ERROR] LogOutputStream:75 - [STDERR_REDIRECT] Sep 21, 2024 12:13:19 AM java.util.prefs.FileSystemPreferences checkLockFile0ErrorCode
2024-09-21 00:13:19,050 [ERROR] LogOutputStream:75 - [STDERR_REDIRECT] WARNING: Could not lock System prefs. Unix error code 2.
2024-09-21 00:13:19,050 [ERROR] LogOutputStream:75 - [STDERR_REDIRECT] 
2024-09-21 00:13:19,051 [ERROR] LogOutputStream:75 - [STDERR_REDIRECT] Sep 21, 2024 12:13:19 AM java.util.prefs.FileSystemPreferences syncWorld
2024-09-21 00:13:19,051 [ERROR] LogOutputStream:75 - [STDERR_REDIRECT] WARNING: Couldn't flush system prefs: java.util.prefs.BackingStoreException: Couldn't get file lock.
2024-09-21 00:13:19,051 [ERROR] LogOutputStream:75 - [STDERR_REDIRECT] 
2024-09-21 00:13:49,050 [ERROR] LogOutputStream:75 - [STDERR_REDIRECT] Sep 21, 2024 12:13:49 AM java.util.prefs.FileSystemPreferences checkLockFile0ErrorCode
2024-09-21 00:13:49,050 [ERROR] LogOutputStream:75 - [STDERR_REDIRECT] WARNING: Could not lock System prefs. Unix error code 2.
2024-09-21 00:13:49,050 [ERROR] LogOutputStream:75 - [STDERR_REDIRECT] 
2024-09-21 00:13:49,050 [ERROR] LogOutputStream:75 - [STDERR_REDIRECT] Sep 21, 2024 12:13:49 AM java.util.prefs.FileSystemPreferences syncWorld
2024-09-21 00:13:49,050 [ERROR] LogOutputStream:75 - [STDERR_REDIRECT] WARNING: Couldn't flush system prefs: java.util.prefs.BackingStoreException: Couldn't get file lock.
2024-09-21 00:13:49,050 [ERROR] LogOutputStream:75 - [STDERR_REDIRECT] 
2024-09-21 00:14:19,050 [ERROR] LogOutputStream:75 - [STDERR_REDIRECT] Sep 21, 2024 12:14:19 AM java.util.prefs.FileSystemPreferences checkLockFile0ErrorCode
2024-09-21 00:14:19,051 [ERROR] LogOutputStream:75 - [STDERR_REDIRECT] WARNING: Could not lock System prefs. Unix error code 2.
2024-09-21 00:14:19,051 [ERROR] LogOutputStream:75 - [STDERR_REDIRECT] 
2024-09-21 00:14:19,051 [ERROR] LogOutputStream:75 - [STDERR_REDIRECT] Sep 21, 2024 12:14:19 AM java.util.prefs.FileSystemPreferences syncWorld
2024-09-21 00:14:19,051 [ERROR] LogOutputStream:75 - [STDERR_REDIRECT] WARNING: Couldn't flush system prefs: java.util.prefs.BackingStoreException: Couldn't get file lock.
2024-09-21 00:14:19,051 [ERROR] LogOutputStream:75 - [STDERR_REDIRECT] 
2024-09-21 00:14:49,050 [ERROR] LogOutputStream:75 - [STDERR_REDIRECT] Sep 21, 2024 12:14:49 AM java.util.prefs.FileSystemPreferences checkLockFile0ErrorCode
2024-09-21 00:14:49,050 [ERROR] LogOutputStream:75 - [STDERR_REDIRECT] WARNING: Could not lock System prefs. Unix error code 2.
2024-09-21 00:14:49,050 [ERROR] LogOutputStream:75 - [STDERR_REDIRECT] 
2024-09-21 00:14:49,050 [ERROR] LogOutputStream:75 - [STDERR_REDIRECT] Sep 21, 2024 12:14:49 AM java.util.prefs.FileSystemPreferences syncWorld
2024-09-21 00:14:49,050 [ERROR] LogOutputStream:75 - [STDERR_REDIRECT] WARNING: Couldn't flush system prefs: java.util.prefs.BackingStoreException: Couldn't get file lock.
2024-09-21 00:14:49,050 [ERROR] LogOutputStream:75 - [STDERR_REDIRECT] 
2024-09-21 00:15:19,050 [ERROR] LogOutputStream:75 - [STDERR_REDIRECT] Sep 21, 2024 12:15:19 AM java.util.prefs.FileSystemPreferences checkLockFile0ErrorCode
2024-09-21 00:15:19,051 [ERROR] LogOutputStream:75 - [STDERR_REDIRECT] WARNING: Could not lock System prefs. Unix error code 2.
2024-09-21 00:15:19,051 [ERROR] LogOutputStream:75 - [STDERR_REDIRECT] 
2024-09-21 00:15:19,051 [ERROR] LogOutputStream:75 - [STDERR_REDIRECT] Sep 21, 2024 12:15:19 AM java.util.prefs.FileSystemPreferences syncWorld
2024-09-21 00:15:19,051 [ERROR] LogOutputStream:75 - [STDERR_REDIRECT] WARNING: Couldn't flush system prefs: java.util.prefs.BackingStoreException: Couldn't get file lock.
2024-09-21 00:15:19,051 [ERROR] LogOutputStream:75 - [STDERR_REDIRECT] 
2024-09-21 00:15:49,051 [ERROR] LogOutputStream:75 - [STDERR_REDIRECT] Sep 21, 2024 12:15:49 AM java.util.prefs.FileSystemPreferences checkLockFile0ErrorCode
2024-09-21 00:15:49,051 [ERROR] LogOutputStream:75 - [STDERR_REDIRECT] WARNING: Could not lock System prefs. Unix error code 2.
2024-09-21 00:15:49,051 [ERROR] LogOutputStream:75 - [STDERR_REDIRECT] 
2024-09-21 00:15:49,051 [ERROR] LogOutputStream:75 - [STDERR_REDIRECT] Sep 21, 2024 12:15:49 AM java.util.prefs.FileSystemPreferences syncWorld
2024-09-21 00:15:49,052 [ERROR] LogOutputStream:75 - [STDERR_REDIRECT] WARNING: Couldn't flush system prefs: java.util.prefs.BackingStoreException: Couldn't get file lock.
2024-09-21 00:15:49,052 [ERROR] LogOutputStream:75 - [STDERR_REDIRECT] 
2024-09-21 00:25:35,923 [ERROR] LogOutputStream:75 - [STDERR_REDIRECT] Sep 21, 2024 12:25:35 AM java.util.prefs.FileSystemPreferences checkLockFile0ErrorCode
2024-09-21 00:25:35,923 [ERROR] LogOutputStream:75 - [STDERR_REDIRECT] WARNING: Could not lock System prefs. Unix error code 2.
2024-09-21 00:25:35,923 [ERROR] LogOutputStream:75 - [STDERR_REDIRECT] 
2024-09-21 00:25:35,923 [ERROR] LogOutputStream:75 - [STDERR_REDIRECT] Sep 21, 2024 12:25:35 AM java.util.prefs.FileSystemPreferences syncWorld
2024-09-21 00:25:35,923 [ERROR] LogOutputStream:75 - [STDERR_REDIRECT] WARNING: Couldn't flush system prefs: java.util.prefs.BackingStoreException: Couldn't get file lock.
2024-09-21 00:25:35,923 [ERROR] LogOutputStream:75 - [STDERR_REDIRECT] 
2024-09-21 01:12:50,246 [ERROR] LogOutputStream:75 - [STDERR_REDIRECT] Sep 21, 2024 1:12:50 AM java.util.prefs.FileSystemPreferences checkLockFile0ErrorCode
2024-09-21 01:12:50,246 [ERROR] LogOutputStream:75 - [STDERR_REDIRECT] WARNING: Could not lock System prefs. Unix error code 2.
2024-09-21 01:12:50,246 [ERROR] LogOutputStream:75 - [STDERR_REDIRECT] 
2024-09-21 01:12:50,246 [ERROR] LogOutputStream:75 - [STDERR_REDIRECT] Sep 21, 2024 1:12:50 AM java.util.prefs.FileSystemPreferences syncWorld
2024-09-21 01:12:50,246 [ERROR] LogOutputStream:75 - [STDERR_REDIRECT] WARNING: Couldn't flush system prefs: java.util.prefs.BackingStoreException: Couldn't get file lock.
2024-09-21 01:12:50,246 [ERROR] LogOutputStream:75 - [STDERR_REDIRECT] 
