2024-10-30 00:00:16,323 [ERROR] LogOutputStream:75 - [STDERR_REDIRECT] Oct 30, 2024 12:00:16 AM java.util.prefs.FileSystemPreferences checkLockFile0ErrorCode
2024-10-30 00:00:16,324 [ERROR] LogOutputStream:75 - [STDERR_REDIRECT] WARNING: Could not lock System prefs. Unix error code 2.
2024-10-30 00:00:16,324 [ERROR] LogOutputStream:75 - [STDERR_REDIRECT] 
2024-10-30 00:00:16,324 [ERROR] LogOutputStream:75 - [STDERR_REDIRECT] Oct 30, 2024 12:00:16 AM java.util.prefs.FileSystemPreferences syncWorld
2024-10-30 00:00:16,324 [ERROR] LogOutputStream:75 - [STDERR_REDIRECT] WARNING: Couldn't flush system prefs: java.util.prefs.BackingStoreException: Couldn't get file lock.
2024-10-30 00:00:16,324 [ERROR] LogOutputStream:75 - [STDERR_REDIRECT] 
2024-10-30 00:00:46,320 [ERROR] LogOutputStream:75 - [STDERR_REDIRECT] Oct 30, 2024 12:00:46 AM java.util.prefs.FileSystemPreferences checkLockFile0ErrorCode
2024-10-30 00:00:46,320 [ERROR] LogOutputStream:75 - [STDERR_REDIRECT] WARNING: Could not lock System prefs. Unix error code 2.
2024-10-30 00:00:46,320 [ERROR] LogOutputStream:75 - [STDERR_REDIRECT] 
2024-10-30 00:00:46,320 [ERROR] LogOutputStream:75 - [STDERR_REDIRECT] Oct 30, 2024 12:00:46 AM java.util.prefs.FileSystemPreferences syncWorld
2024-10-30 00:00:46,320 [ERROR] LogOutputStream:75 - [STDERR_REDIRECT] WARNING: Couldn't flush system prefs: java.util.prefs.BackingStoreException: Couldn't get file lock.
2024-10-30 00:00:46,320 [ERROR] LogOutputStream:75 - [STDERR_REDIRECT] 
2024-10-30 00:01:18,516 [ERROR] LogOutputStream:75 - [STDERR_REDIRECT] Oct 30, 2024 12:01:18 AM java.util.prefs.FileSystemPreferences checkLockFile0ErrorCode
2024-10-30 00:01:18,516 [ERROR] LogOutputStream:75 - [STDERR_REDIRECT] WARNING: Could not lock System prefs. Unix error code 2.
2024-10-30 00:01:18,516 [ERROR] LogOutputStream:75 - [STDERR_REDIRECT] 
2024-10-30 00:01:18,516 [ERROR] LogOutputStream:75 - [STDERR_REDIRECT] Oct 30, 2024 12:01:18 AM java.util.prefs.FileSystemPreferences syncWorld
2024-10-30 00:01:18,516 [ERROR] LogOutputStream:75 - [STDERR_REDIRECT] WARNING: Couldn't flush system prefs: java.util.prefs.BackingStoreException: Couldn't get file lock.
2024-10-30 00:01:18,516 [ERROR] LogOutputStream:75 - [STDERR_REDIRECT] 
2024-10-30 00:01:48,517 [ERROR] LogOutputStream:75 - [STDERR_REDIRECT] Oct 30, 2024 12:01:48 AM java.util.prefs.FileSystemPreferences checkLockFile0ErrorCode
2024-10-30 00:01:48,517 [ERROR] LogOutputStream:75 - [STDERR_REDIRECT] WARNING: Could not lock System prefs. Unix error code 2.
2024-10-30 00:01:48,517 [ERROR] LogOutputStream:75 - [STDERR_REDIRECT] 
2024-10-30 00:01:48,517 [ERROR] LogOutputStream:75 - [STDERR_REDIRECT] Oct 30, 2024 12:01:48 AM java.util.prefs.FileSystemPreferences syncWorld
2024-10-30 00:01:48,517 [ERROR] LogOutputStream:75 - [STDERR_REDIRECT] WARNING: Couldn't flush system prefs: java.util.prefs.BackingStoreException: Couldn't get file lock.
2024-10-30 00:01:48,517 [ERROR] LogOutputStream:75 - [STDERR_REDIRECT] 
2024-10-30 00:02:18,517 [ERROR] LogOutputStream:75 - [STDERR_REDIRECT] Oct 30, 2024 12:02:18 AM java.util.prefs.FileSystemPreferences checkLockFile0ErrorCode
2024-10-30 00:02:18,517 [ERROR] LogOutputStream:75 - [STDERR_REDIRECT] WARNING: Could not lock System prefs. Unix error code 2.
2024-10-30 00:02:18,518 [ERROR] LogOutputStream:75 - [STDERR_REDIRECT] 
2024-10-30 00:02:18,518 [ERROR] LogOutputStream:75 - [STDERR_REDIRECT] Oct 30, 2024 12:02:18 AM java.util.prefs.FileSystemPreferences syncWorld
2024-10-30 00:02:18,518 [ERROR] LogOutputStream:75 - [STDERR_REDIRECT] WARNING: Couldn't flush system prefs: java.util.prefs.BackingStoreException: Couldn't get file lock.
2024-10-30 00:02:18,518 [ERROR] LogOutputStream:75 - [STDERR_REDIRECT] 
2024-10-30 00:02:48,517 [ERROR] LogOutputStream:75 - [STDERR_REDIRECT] Oct 30, 2024 12:02:48 AM java.util.prefs.FileSystemPreferences checkLockFile0ErrorCode
2024-10-30 00:02:48,517 [ERROR] LogOutputStream:75 - [STDERR_REDIRECT] WARNING: Could not lock System prefs. Unix error code 2.
2024-10-30 00:02:48,517 [ERROR] LogOutputStream:75 - [STDERR_REDIRECT] 
2024-10-30 00:02:48,517 [ERROR] LogOutputStream:75 - [STDERR_REDIRECT] Oct 30, 2024 12:02:48 AM java.util.prefs.FileSystemPreferences syncWorld
2024-10-30 00:02:48,517 [ERROR] LogOutputStream:75 - [STDERR_REDIRECT] WARNING: Couldn't flush system prefs: java.util.prefs.BackingStoreException: Couldn't get file lock.
2024-10-30 00:02:48,517 [ERROR] LogOutputStream:75 - [STDERR_REDIRECT] 
2024-10-30 00:03:18,517 [ERROR] LogOutputStream:75 - [STDERR_REDIRECT] Oct 30, 2024 12:03:18 AM java.util.prefs.FileSystemPreferences checkLockFile0ErrorCode
2024-10-30 00:03:18,518 [ERROR] LogOutputStream:75 - [STDERR_REDIRECT] WARNING: Could not lock System prefs. Unix error code 2.
2024-10-30 00:03:18,518 [ERROR] LogOutputStream:75 - [STDERR_REDIRECT] 
2024-10-30 00:03:18,518 [ERROR] LogOutputStream:75 - [STDERR_REDIRECT] Oct 30, 2024 12:03:18 AM java.util.prefs.FileSystemPreferences syncWorld
2024-10-30 00:03:18,518 [ERROR] LogOutputStream:75 - [STDERR_REDIRECT] WARNING: Couldn't flush system prefs: java.util.prefs.BackingStoreException: Couldn't get file lock.
2024-10-30 00:03:18,518 [ERROR] LogOutputStream:75 - [STDERR_REDIRECT] 
2024-10-30 00:03:48,517 [ERROR] LogOutputStream:75 - [STDERR_REDIRECT] Oct 30, 2024 12:03:48 AM java.util.prefs.FileSystemPreferences checkLockFile0ErrorCode
2024-10-30 00:03:48,517 [ERROR] LogOutputStream:75 - [STDERR_REDIRECT] WARNING: Could not lock System prefs. Unix error code 2.
2024-10-30 00:03:48,517 [ERROR] LogOutputStream:75 - [STDERR_REDIRECT] 
2024-10-30 00:03:48,517 [ERROR] LogOutputStream:75 - [STDERR_REDIRECT] Oct 30, 2024 12:03:48 AM java.util.prefs.FileSystemPreferences syncWorld
2024-10-30 00:03:48,517 [ERROR] LogOutputStream:75 - [STDERR_REDIRECT] WARNING: Couldn't flush system prefs: java.util.prefs.BackingStoreException: Couldn't get file lock.
2024-10-30 00:03:48,517 [ERROR] LogOutputStream:75 - [STDERR_REDIRECT] 
2024-10-30 00:04:18,519 [ERROR] LogOutputStream:75 - [STDERR_REDIRECT] Oct 30, 2024 12:04:18 AM java.util.prefs.FileSystemPreferences checkLockFile0ErrorCode
2024-10-30 00:04:18,519 [ERROR] LogOutputStream:75 - [STDERR_REDIRECT] WARNING: Could not lock System prefs. Unix error code 2.
2024-10-30 00:04:18,519 [ERROR] LogOutputStream:75 - [STDERR_REDIRECT] 
2024-10-30 00:04:18,519 [ERROR] LogOutputStream:75 - [STDERR_REDIRECT] Oct 30, 2024 12:04:18 AM java.util.prefs.FileSystemPreferences syncWorld
2024-10-30 00:04:18,519 [ERROR] LogOutputStream:75 - [STDERR_REDIRECT] WARNING: Couldn't flush system prefs: java.util.prefs.BackingStoreException: Couldn't get file lock.
2024-10-30 00:04:18,519 [ERROR] LogOutputStream:75 - [STDERR_REDIRECT] 
2024-10-30 00:04:48,517 [ERROR] LogOutputStream:75 - [STDERR_REDIRECT] Oct 30, 2024 12:04:48 AM java.util.prefs.FileSystemPreferences checkLockFile0ErrorCode
2024-10-30 00:04:48,517 [ERROR] LogOutputStream:75 - [STDERR_REDIRECT] WARNING: Could not lock System prefs. Unix error code 2.
2024-10-30 00:04:48,517 [ERROR] LogOutputStream:75 - [STDERR_REDIRECT] 
2024-10-30 00:04:48,518 [ERROR] LogOutputStream:75 - [STDERR_REDIRECT] Oct 30, 2024 12:04:48 AM java.util.prefs.FileSystemPreferences syncWorld
2024-10-30 00:04:48,518 [ERROR] LogOutputStream:75 - [STDERR_REDIRECT] WARNING: Couldn't flush system prefs: java.util.prefs.BackingStoreException: Couldn't get file lock.
2024-10-30 00:04:48,518 [ERROR] LogOutputStream:75 - [STDERR_REDIRECT] 
2024-10-30 00:05:18,517 [ERROR] LogOutputStream:75 - [STDERR_REDIRECT] Oct 30, 2024 12:05:18 AM java.util.prefs.FileSystemPreferences checkLockFile0ErrorCode
2024-10-30 00:05:18,517 [ERROR] LogOutputStream:75 - [STDERR_REDIRECT] WARNING: Could not lock System prefs. Unix error code 2.
2024-10-30 00:05:18,517 [ERROR] LogOutputStream:75 - [STDERR_REDIRECT] 
2024-10-30 00:05:18,517 [ERROR] LogOutputStream:75 - [STDERR_REDIRECT] Oct 30, 2024 12:05:18 AM java.util.prefs.FileSystemPreferences syncWorld
2024-10-30 00:05:18,517 [ERROR] LogOutputStream:75 - [STDERR_REDIRECT] WARNING: Couldn't flush system prefs: java.util.prefs.BackingStoreException: Couldn't get file lock.
2024-10-30 00:05:18,517 [ERROR] LogOutputStream:75 - [STDERR_REDIRECT] 
2024-10-30 00:05:48,517 [ERROR] LogOutputStream:75 - [STDERR_REDIRECT] Oct 30, 2024 12:05:48 AM java.util.prefs.FileSystemPreferences checkLockFile0ErrorCode
2024-10-30 00:05:48,517 [ERROR] LogOutputStream:75 - [STDERR_REDIRECT] WARNING: Could not lock System prefs. Unix error code 2.
2024-10-30 00:05:48,517 [ERROR] LogOutputStream:75 - [STDERR_REDIRECT] 
2024-10-30 00:05:48,517 [ERROR] LogOutputStream:75 - [STDERR_REDIRECT] Oct 30, 2024 12:05:48 AM java.util.prefs.FileSystemPreferences syncWorld
2024-10-30 00:05:48,517 [ERROR] LogOutputStream:75 - [STDERR_REDIRECT] WARNING: Couldn't flush system prefs: java.util.prefs.BackingStoreException: Couldn't get file lock.
2024-10-30 00:05:48,517 [ERROR] LogOutputStream:75 - [STDERR_REDIRECT] 
